{"/Users/ayazuddin/Development/streaming-subscription-dashboard/src/App.tsx": {"path":"/Users/ayazuddin/Development/streaming-subscription-dashboard/src/App.tsx","statementMap":{"0":{"start":{"line":9,"column":7},"end":{"line":9,"column":null}},"1":{"start":{"line":10,"column":2},"end":{"line":10,"column":null}},"2":{"start":{"line":11,"column":2},"end":{"line":11,"column":null}},"3":{"start":{"line":12,"column":2},"end":{"line":12,"column":null}},"4":{"start":{"line":13,"column":2},"end":{"line":13,"column":null}},"5":{"start":{"line":9,"column":12},"end":{"line":9,"column":null}},"6":{"start":{"line":17,"column":54},"end":{"line":17,"column":null}},"7":{"start":{"line":18,"column":23},"end":{"line":18,"column":null}},"8":{"start":{"line":20,"column":2},"end":{"line":27,"column":null}},"9":{"start":{"line":21,"column":4},"end":{"line":24,"column":null}},"10":{"start":{"line":22,"column":6},"end":{"line":22,"column":null}},"11":{"start":{"line":23,"column":6},"end":{"line":23,"column":null}},"12":{"start":{"line":26,"column":4},"end":{"line":26,"column":null}},"13":{"start":{"line":29,"column":2},"end":{"line":40,"column":null}}},"fnMap":{"0":{"name":"(anonymous_0)","decl":{"start":{"line":9,"column":7},"end":{"line":9,"column":12}},"loc":{"start":{"line":9,"column":7},"end":{"line":9,"column":null}}},"1":{"name":"App","decl":{"start":{"line":16,"column":9},"end":{"line":16,"column":15}},"loc":{"start":{"line":16,"column":15},"end":{"line":42,"column":null}}},"2":{"name":"(anonymous_2)","decl":{"start":{"line":20,"column":12},"end":{"line":20,"column":18}},"loc":{"start":{"line":20,"column":18},"end":{"line":27,"column":5}}}},"branchMap":{"0":{"loc":{"start":{"line":9,"column":12},"end":{"line":9,"column":null}},"type":"binary-expr","locations":[{"start":{"line":9,"column":12},"end":{"line":9,"column":null}},{"start":{"line":9,"column":12},"end":{"line":9,"column":null}}]},"1":{"loc":{"start":{"line":21,"column":4},"end":{"line":24,"column":null}},"type":"if","locations":[{"start":{"line":21,"column":4},"end":{"line":24,"column":null}},{"start":{"line":21,"column":4},"end":{"line":24,"column":null}}]}},"s":{"0":1,"1":1,"2":1,"3":1,"4":1,"5":1,"6":1,"7":1,"8":1,"9":1,"10":1,"11":1,"12":0,"13":1},"f":{"0":1,"1":1,"2":1},"b":{"0":[1,1],"1":[1,0]}}
,"/Users/ayazuddin/Development/streaming-subscription-dashboard/src/main.tsx": {"path":"/Users/ayazuddin/Development/streaming-subscription-dashboard/src/main.tsx","statementMap":{"0":{"start":{"line":10,"column":0},"end":{"line":12,"column":null}}},"fnMap":{},"branchMap":{},"s":{"0":0},"f":{},"b":{}}
,"/Users/ayazuddin/Development/streaming-subscription-dashboard/src/Components/AnimatedAuthPageContainer/index.tsx": {"path":"/Users/ayazuddin/Development/streaming-subscription-dashboard/src/Components/AnimatedAuthPageContainer/index.tsx","statementMap":{"0":{"start":{"line":10,"column":34},"end":{"line":26,"column":null}},"1":{"start":{"line":11,"column":2},"end":{"line":24,"column":null}}},"fnMap":{"0":{"name":"(anonymous_0)","decl":{"start":{"line":10,"column":34},"end":{"line":10,"column":35}},"loc":{"start":{"line":10,"column":77},"end":{"line":26,"column":null}}}},"branchMap":{},"s":{"0":1,"1":2},"f":{"0":2},"b":{}}
,"/Users/ayazuddin/Development/streaming-subscription-dashboard/src/Components/AnimatedPageContainer/index.tsx": {"path":"/Users/ayazuddin/Development/streaming-subscription-dashboard/src/Components/AnimatedPageContainer/index.tsx","statementMap":{"0":{"start":{"line":10,"column":24},"end":{"line":13,"column":null}},"1":{"start":{"line":15,"column":30},"end":{"line":28,"column":null}},"2":{"start":{"line":16,"column":2},"end":{"line":26,"column":null}}},"fnMap":{"0":{"name":"(anonymous_0)","decl":{"start":{"line":15,"column":30},"end":{"line":15,"column":31}},"loc":{"start":{"line":15,"column":73},"end":{"line":28,"column":null}}}},"branchMap":{},"s":{"0":1,"1":1,"2":0},"f":{"0":0},"b":{}}
,"/Users/ayazuddin/Development/streaming-subscription-dashboard/src/Components/Card/index.tsx": {"path":"/Users/ayazuddin/Development/streaming-subscription-dashboard/src/Components/Card/index.tsx","statementMap":{"0":{"start":{"line":5,"column":13},"end":{"line":16,"column":null}},"1":{"start":{"line":6,"column":25},"end":{"line":6,"column":null}},"2":{"start":{"line":7,"column":2},"end":{"line":15,"column":null}},"3":{"start":{"line":18,"column":24},"end":{"line":28,"column":null}},"4":{"start":{"line":19,"column":2},"end":{"line":27,"column":null}}},"fnMap":{"0":{"name":"(anonymous_0)","decl":{"start":{"line":5,"column":27},"end":{"line":5,"column":28}},"loc":{"start":{"line":5,"column":42},"end":{"line":16,"column":1}}},"1":{"name":"(anonymous_1)","decl":{"start":{"line":18,"column":38},"end":{"line":18,"column":39}},"loc":{"start":{"line":18,"column":53},"end":{"line":28,"column":1}}}},"branchMap":{"0":{"loc":{"start":{"line":8,"column":21},"end":{"line":8,"column":null}},"type":"cond-expr","locations":[{"start":{"line":8,"column":34},"end":{"line":8,"column":63}},{"start":{"line":8,"column":63},"end":{"line":8,"column":null}}]}},"s":{"0":1,"1":0,"2":0,"3":1,"4":2},"f":{"0":0,"1":2},"b":{"0":[0,0]}}
,"/Users/ayazuddin/Development/streaming-subscription-dashboard/src/Components/Chart/AreaChart.tsx": {"path":"/Users/ayazuddin/Development/streaming-subscription-dashboard/src/Components/Chart/AreaChart.tsx","statementMap":{"0":{"start":{"line":11,"column":13},"end":{"line":32,"column":null}},"1":{"start":{"line":34,"column":18},"end":{"line":114,"column":null}},"2":{"start":{"line":35,"column":16},"end":{"line":35,"column":null}},"3":{"start":{"line":36,"column":2},"end":{"line":112,"column":null}},"4":{"start":{"line":94,"column":42},"end":{"line":94,"column":null}}},"fnMap":{"0":{"name":"(anonymous_0)","decl":{"start":{"line":34,"column":18},"end":{"line":34,"column":24}},"loc":{"start":{"line":34,"column":24},"end":{"line":114,"column":null}}},"1":{"name":"(anonymous_1)","decl":{"start":{"line":94,"column":23},"end":{"line":94,"column":24}},"loc":{"start":{"line":94,"column":42},"end":{"line":94,"column":null}}}},"branchMap":{},"s":{"0":1,"1":1,"2":0,"3":0,"4":0},"f":{"0":0,"1":0},"b":{}}
,"/Users/ayazuddin/Development/streaming-subscription-dashboard/src/Components/Chart/BarChart.tsx": {"path":"/Users/ayazuddin/Development/streaming-subscription-dashboard/src/Components/Chart/BarChart.tsx","statementMap":{"0":{"start":{"line":13,"column":14},"end":{"line":54,"column":null}},"1":{"start":{"line":14,"column":16},"end":{"line":14,"column":null}},"2":{"start":{"line":15,"column":2},"end":{"line":52,"column":null}},"3":{"start":{"line":47,"column":40},"end":{"line":47,"column":null}},"4":{"start":{"line":56,"column":17},"end":{"line":72,"column":null}},"5":{"start":{"line":57,"column":2},"end":{"line":70,"column":null}}},"fnMap":{"0":{"name":"(anonymous_0)","decl":{"start":{"line":13,"column":14},"end":{"line":13,"column":20}},"loc":{"start":{"line":13,"column":20},"end":{"line":54,"column":null}}},"1":{"name":"(anonymous_1)","decl":{"start":{"line":47,"column":21},"end":{"line":47,"column":22}},"loc":{"start":{"line":47,"column":40},"end":{"line":47,"column":null}}},"2":{"name":"(anonymous_2)","decl":{"start":{"line":56,"column":17},"end":{"line":56,"column":23}},"loc":{"start":{"line":56,"column":23},"end":{"line":72,"column":null}}}},"branchMap":{},"s":{"0":1,"1":0,"2":0,"3":0,"4":1,"5":0},"f":{"0":0,"1":0,"2":0},"b":{}}
,"/Users/ayazuddin/Development/streaming-subscription-dashboard/src/Components/Chart/ControlledOpenSelect.tsx": {"path":"/Users/ayazuddin/Development/streaming-subscription-dashboard/src/Components/Chart/ControlledOpenSelect.tsx","statementMap":{"0":{"start":{"line":6,"column":29},"end":{"line":48,"column":null}},"1":{"start":{"line":7,"column":24},"end":{"line":7,"column":null}},"2":{"start":{"line":8,"column":26},"end":{"line":8,"column":null}},"3":{"start":{"line":10,"column":23},"end":{"line":12,"column":null}},"4":{"start":{"line":11,"column":4},"end":{"line":11,"column":null}},"5":{"start":{"line":14,"column":22},"end":{"line":16,"column":null}},"6":{"start":{"line":15,"column":4},"end":{"line":15,"column":null}},"7":{"start":{"line":18,"column":21},"end":{"line":20,"column":null}},"8":{"start":{"line":19,"column":4},"end":{"line":19,"column":null}},"9":{"start":{"line":22,"column":2},"end":{"line":46,"column":null}}},"fnMap":{"0":{"name":"(anonymous_0)","decl":{"start":{"line":6,"column":29},"end":{"line":6,"column":35}},"loc":{"start":{"line":6,"column":35},"end":{"line":48,"column":null}}},"1":{"name":"(anonymous_1)","decl":{"start":{"line":10,"column":23},"end":{"line":10,"column":24}},"loc":{"start":{"line":10,"column":65},"end":{"line":12,"column":null}}},"2":{"name":"(anonymous_2)","decl":{"start":{"line":14,"column":22},"end":{"line":14,"column":28}},"loc":{"start":{"line":14,"column":28},"end":{"line":16,"column":null}}},"3":{"name":"(anonymous_3)","decl":{"start":{"line":18,"column":21},"end":{"line":18,"column":27}},"loc":{"start":{"line":18,"column":27},"end":{"line":20,"column":null}}}},"branchMap":{},"s":{"0":1,"1":0,"2":0,"3":0,"4":0,"5":0,"6":0,"7":0,"8":0,"9":0},"f":{"0":0,"1":0,"2":0,"3":0},"b":{}}
,"/Users/ayazuddin/Development/streaming-subscription-dashboard/src/Components/Chart/Header.tsx": {"path":"/Users/ayazuddin/Development/streaming-subscription-dashboard/src/Components/Chart/Header.tsx","statementMap":{"0":{"start":{"line":5,"column":15},"end":{"line":15,"column":null}},"1":{"start":{"line":6,"column":2},"end":{"line":15,"column":null}}},"fnMap":{"0":{"name":"(anonymous_0)","decl":{"start":{"line":5,"column":15},"end":{"line":5,"column":16}},"loc":{"start":{"line":6,"column":2},"end":{"line":15,"column":null}}}},"branchMap":{},"s":{"0":1,"1":0},"f":{"0":0},"b":{}}
,"/Users/ayazuddin/Development/streaming-subscription-dashboard/src/Components/Chart/Legend.tsx": {"path":"/Users/ayazuddin/Development/streaming-subscription-dashboard/src/Components/Chart/Legend.tsx","statementMap":{"0":{"start":{"line":4,"column":15},"end":{"line":30,"column":null}},"1":{"start":{"line":5,"column":2},"end":{"line":30,"column":null}}},"fnMap":{"0":{"name":"(anonymous_0)","decl":{"start":{"line":4,"column":15},"end":{"line":4,"column":16}},"loc":{"start":{"line":5,"column":2},"end":{"line":30,"column":null}}}},"branchMap":{},"s":{"0":1,"1":0},"f":{"0":0},"b":{}}
,"/Users/ayazuddin/Development/streaming-subscription-dashboard/src/Components/Chart/LineChart.tsx": {"path":"/Users/ayazuddin/Development/streaming-subscription-dashboard/src/Components/Chart/LineChart.tsx","statementMap":{"0":{"start":{"line":13,"column":14},"end":{"line":75,"column":null}},"1":{"start":{"line":14,"column":16},"end":{"line":14,"column":null}},"2":{"start":{"line":15,"column":2},"end":{"line":73,"column":null}},"3":{"start":{"line":44,"column":40},"end":{"line":44,"column":null}},"4":{"start":{"line":77,"column":18},"end":{"line":93,"column":null}},"5":{"start":{"line":78,"column":2},"end":{"line":91,"column":null}}},"fnMap":{"0":{"name":"(anonymous_0)","decl":{"start":{"line":13,"column":14},"end":{"line":13,"column":20}},"loc":{"start":{"line":13,"column":20},"end":{"line":75,"column":null}}},"1":{"name":"(anonymous_1)","decl":{"start":{"line":44,"column":21},"end":{"line":44,"column":22}},"loc":{"start":{"line":44,"column":40},"end":{"line":44,"column":null}}},"2":{"name":"(anonymous_2)","decl":{"start":{"line":77,"column":18},"end":{"line":77,"column":24}},"loc":{"start":{"line":77,"column":24},"end":{"line":93,"column":null}}}},"branchMap":{},"s":{"0":1,"1":0,"2":0,"3":0,"4":1,"5":0},"f":{"0":0,"1":0,"2":0},"b":{}}
,"/Users/ayazuddin/Development/streaming-subscription-dashboard/src/Components/Chart/PieChart.tsx": {"path":"/Users/ayazuddin/Development/streaming-subscription-dashboard/src/Components/Chart/PieChart.tsx","statementMap":{"0":{"start":{"line":9,"column":13},"end":{"line":30,"column":null}},"1":{"start":{"line":32,"column":17},"end":{"line":48,"column":null}},"2":{"start":{"line":33,"column":16},"end":{"line":33,"column":null}},"3":{"start":{"line":34,"column":2},"end":{"line":46,"column":null}}},"fnMap":{"0":{"name":"(anonymous_0)","decl":{"start":{"line":32,"column":17},"end":{"line":32,"column":23}},"loc":{"start":{"line":32,"column":23},"end":{"line":48,"column":null}}}},"branchMap":{},"s":{"0":1,"1":1,"2":0,"3":0},"f":{"0":0},"b":{}}
,"/Users/ayazuddin/Development/streaming-subscription-dashboard/src/Components/ContentContainer/index.tsx": {"path":"/Users/ayazuddin/Development/streaming-subscription-dashboard/src/Components/ContentContainer/index.tsx","statementMap":{"0":{"start":{"line":5,"column":25},"end":{"line":16,"column":null}},"1":{"start":{"line":6,"column":19},"end":{"line":6,"column":null}},"2":{"start":{"line":7,"column":2},"end":{"line":7,"column":null}},"3":{"start":{"line":7,"column":18},"end":{"line":7,"column":44}},"4":{"start":{"line":8,"column":2},"end":{"line":14,"column":null}}},"fnMap":{"0":{"name":"(anonymous_0)","decl":{"start":{"line":5,"column":25},"end":{"line":5,"column":26}},"loc":{"start":{"line":5,"column":77},"end":{"line":16,"column":null}}},"1":{"name":"(anonymous_1)","decl":{"start":{"line":7,"column":12},"end":{"line":7,"column":18}},"loc":{"start":{"line":7,"column":18},"end":{"line":7,"column":44}}}},"branchMap":{},"s":{"0":1,"1":0,"2":0,"3":0,"4":0},"f":{"0":0,"1":0},"b":{}}
,"/Users/ayazuddin/Development/streaming-subscription-dashboard/src/Components/Dashboard/index.tsx": {"path":"/Users/ayazuddin/Development/streaming-subscription-dashboard/src/Components/Dashboard/index.tsx","statementMap":{"0":{"start":{"line":6,"column":18},"end":{"line":35,"column":null}},"1":{"start":{"line":11,"column":2},"end":{"line":11,"column":null}},"2":{"start":{"line":11,"column":18},"end":{"line":11,"column":53}},"3":{"start":{"line":13,"column":2},"end":{"line":33,"column":null}},"4":{"start":{"line":22,"column":10},"end":{"line":24,"column":null}}},"fnMap":{"0":{"name":"(anonymous_0)","decl":{"start":{"line":6,"column":18},"end":{"line":6,"column":19}},"loc":{"start":{"line":10,"column":6},"end":{"line":35,"column":null}}},"1":{"name":"(anonymous_1)","decl":{"start":{"line":11,"column":12},"end":{"line":11,"column":18}},"loc":{"start":{"line":11,"column":18},"end":{"line":11,"column":53}}},"2":{"name":"(anonymous_2)","decl":{"start":{"line":21,"column":18},"end":{"line":21,"column":19}},"loc":{"start":{"line":22,"column":10},"end":{"line":24,"column":null}}}},"branchMap":{},"s":{"0":1,"1":0,"2":0,"3":0,"4":0},"f":{"0":0,"1":0,"2":0},"b":{}}
,"/Users/ayazuddin/Development/streaming-subscription-dashboard/src/Components/DashboardAppBar/index.tsx": {"path":"/Users/ayazuddin/Development/streaming-subscription-dashboard/src/Components/DashboardAppBar/index.tsx","statementMap":{"0":{"start":{"line":14,"column":20},"end":{"line":14,"column":null}},"1":{"start":{"line":16,"column":24},"end":{"line":66,"column":null}},"2":{"start":{"line":23,"column":16},"end":{"line":23,"column":null}},"3":{"start":{"line":24,"column":20},"end":{"line":26,"column":null}},"4":{"start":{"line":27,"column":25},"end":{"line":27,"column":null}},"5":{"start":{"line":28,"column":2},"end":{"line":64,"column":null}},"6":{"start":{"line":68,"column":24},"end":{"line":91,"column":null}},"7":{"start":{"line":69,"column":29},"end":{"line":69,"column":null}},"8":{"start":{"line":70,"column":16},"end":{"line":70,"column":null}},"9":{"start":{"line":71,"column":2},"end":{"line":89,"column":null}},"10":{"start":{"line":74,"column":8},"end":{"line":74,"column":null}},"11":{"start":{"line":75,"column":21},"end":{"line":75,"column":null}},"12":{"start":{"line":76,"column":8},"end":{"line":78,"column":null}},"13":{"start":{"line":77,"column":10},"end":{"line":77,"column":null}},"14":{"start":{"line":93,"column":23},"end":{"line":116,"column":null}},"15":{"start":{"line":94,"column":26},"end":{"line":94,"column":null}},"16":{"start":{"line":95,"column":16},"end":{"line":95,"column":null}},"17":{"start":{"line":96,"column":2},"end":{"line":114,"column":null}},"18":{"start":{"line":99,"column":8},"end":{"line":99,"column":null}},"19":{"start":{"line":100,"column":21},"end":{"line":100,"column":null}},"20":{"start":{"line":101,"column":8},"end":{"line":103,"column":null}},"21":{"start":{"line":102,"column":10},"end":{"line":102,"column":null}}},"fnMap":{"0":{"name":"(anonymous_0)","decl":{"start":{"line":16,"column":24},"end":{"line":16,"column":25}},"loc":{"start":{"line":22,"column":6},"end":{"line":66,"column":null}}},"1":{"name":"(anonymous_1)","decl":{"start":{"line":68,"column":24},"end":{"line":68,"column":30}},"loc":{"start":{"line":68,"column":30},"end":{"line":91,"column":null}}},"2":{"name":"(anonymous_2)","decl":{"start":{"line":73,"column":15},"end":{"line":73,"column":21}},"loc":{"start":{"line":73,"column":21},"end":{"line":79,"column":null}}},"3":{"name":"(anonymous_3)","decl":{"start":{"line":93,"column":23},"end":{"line":93,"column":29}},"loc":{"start":{"line":93,"column":29},"end":{"line":116,"column":null}}},"4":{"name":"(anonymous_4)","decl":{"start":{"line":98,"column":15},"end":{"line":98,"column":21}},"loc":{"start":{"line":98,"column":21},"end":{"line":104,"column":null}}}},"branchMap":{"0":{"loc":{"start":{"line":35,"column":25},"end":{"line":37,"column":null}},"type":"cond-expr","locations":[{"start":{"line":36,"column":12},"end":{"line":36,"column":null}},{"start":{"line":37,"column":12},"end":{"line":37,"column":null}}]},"1":{"loc":{"start":{"line":45,"column":12},"end":{"line":47,"column":null}},"type":"cond-expr","locations":[{"start":{"line":46,"column":16},"end":{"line":46,"column":null}},{"start":{"line":47,"column":16},"end":{"line":47,"column":null}}]},"2":{"loc":{"start":{"line":52,"column":9},"end":{"line":61,"column":null}},"type":"cond-expr","locations":[{"start":{"line":53,"column":10},"end":{"line":56,"column":null}},{"start":{"line":58,"column":10},"end":{"line":61,"column":null}}]},"3":{"loc":{"start":{"line":54,"column":13},"end":{"line":54,"column":null}},"type":"cond-expr","locations":[{"start":{"line":54,"column":26},"end":{"line":54,"column":48}},{"start":{"line":54,"column":48},"end":{"line":54,"column":null}}]},"4":{"loc":{"start":{"line":76,"column":8},"end":{"line":78,"column":null}},"type":"if","locations":[{"start":{"line":76,"column":8},"end":{"line":78,"column":null}},{"start":{"line":76,"column":8},"end":{"line":78,"column":null}}]},"5":{"loc":{"start":{"line":101,"column":8},"end":{"line":103,"column":null}},"type":"if","locations":[{"start":{"line":101,"column":8},"end":{"line":103,"column":null}},{"start":{"line":101,"column":8},"end":{"line":103,"column":null}}]}},"s":{"0":1,"1":1,"2":3,"3":3,"4":3,"5":3,"6":1,"7":0,"8":0,"9":0,"10":0,"11":0,"12":0,"13":0,"14":1,"15":0,"16":0,"17":0,"18":0,"19":0,"20":0,"21":0},"f":{"0":3,"1":0,"2":0,"3":0,"4":0},"b":{"0":[0,3],"1":[0,3],"2":[0,3],"3":[0,0],"4":[0,0],"5":[0,0]}}
,"/Users/ayazuddin/Development/streaming-subscription-dashboard/src/Components/DashboardDrawer/UserSettings.tsx": {"path":"/Users/ayazuddin/Development/streaming-subscription-dashboard/src/Components/DashboardDrawer/UserSettings.tsx","statementMap":{"0":{"start":{"line":9,"column":21},"end":{"line":46,"column":null}},"1":{"start":{"line":10,"column":25},"end":{"line":10,"column":null}},"2":{"start":{"line":11,"column":19},"end":{"line":11,"column":null}},"3":{"start":{"line":12,"column":16},"end":{"line":12,"column":null}},"4":{"start":{"line":13,"column":36},"end":{"line":13,"column":null}},"5":{"start":{"line":14,"column":25},"end":{"line":14,"column":null}},"6":{"start":{"line":15,"column":16},"end":{"line":15,"column":null}},"7":{"start":{"line":16,"column":32},"end":{"line":16,"column":null}},"8":{"start":{"line":18,"column":23},"end":{"line":30,"column":null}},"9":{"start":{"line":19,"column":4},"end":{"line":19,"column":null}},"10":{"start":{"line":20,"column":4},"end":{"line":29,"column":null}},"11":{"start":{"line":21,"column":6},"end":{"line":21,"column":null}},"12":{"start":{"line":22,"column":6},"end":{"line":22,"column":null}},"13":{"start":{"line":23,"column":6},"end":{"line":23,"column":null}},"14":{"start":{"line":24,"column":6},"end":{"line":24,"column":null}},"15":{"start":{"line":26,"column":6},"end":{"line":26,"column":null}},"16":{"start":{"line":28,"column":6},"end":{"line":28,"column":null}},"17":{"start":{"line":32,"column":2},"end":{"line":44,"column":null}}},"fnMap":{"0":{"name":"(anonymous_0)","decl":{"start":{"line":9,"column":21},"end":{"line":9,"column":27}},"loc":{"start":{"line":9,"column":27},"end":{"line":46,"column":null}}},"1":{"name":"(anonymous_1)","decl":{"start":{"line":18,"column":23},"end":{"line":18,"column":35}},"loc":{"start":{"line":18,"column":35},"end":{"line":30,"column":null}}}},"branchMap":{"0":{"loc":{"start":{"line":36,"column":15},"end":{"line":38,"column":null}},"type":"cond-expr","locations":[{"start":{"line":37,"column":12},"end":{"line":37,"column":null}},{"start":{"line":38,"column":12},"end":{"line":38,"column":null}}]}},"s":{"0":1,"1":3,"2":3,"3":3,"4":3,"5":3,"6":3,"7":3,"8":3,"9":0,"10":0,"11":0,"12":0,"13":0,"14":0,"15":0,"16":0,"17":3},"f":{"0":3,"1":0},"b":{"0":[0,3]}}
,"/Users/ayazuddin/Development/streaming-subscription-dashboard/src/Components/DashboardDrawer/index.tsx": {"path":"/Users/ayazuddin/Development/streaming-subscription-dashboard/src/Components/DashboardDrawer/index.tsx","statementMap":{"0":{"start":{"line":21,"column":26},"end":{"line":21,"column":null}},"1":{"start":{"line":22,"column":20},"end":{"line":22,"column":null}},"2":{"start":{"line":31,"column":24},"end":{"line":243,"column":null}},"3":{"start":{"line":37,"column":16},"end":{"line":37,"column":null}},"4":{"start":{"line":38,"column":19},"end":{"line":38,"column":null}},"5":{"start":{"line":39,"column":25},"end":{"line":39,"column":null}},"6":{"start":{"line":41,"column":28},"end":{"line":84,"column":null}},"7":{"start":{"line":87,"column":4},"end":{"line":87,"column":null}},"8":{"start":{"line":87,"column":33},"end":{"line":87,"column":58}},"9":{"start":{"line":89,"column":19},"end":{"line":91,"column":null}},"10":{"start":{"line":94,"column":4},"end":{"line":197,"column":null}},"11":{"start":{"line":148,"column":64},"end":{"line":148,"column":null}},"12":{"start":{"line":149,"column":33},"end":{"line":149,"column":null}},"13":{"start":{"line":150,"column":14},"end":{"line":190,"column":null}},"14":{"start":{"line":154,"column":22},"end":{"line":154,"column":null}},"15":{"start":{"line":155,"column":22},"end":{"line":155,"column":null}},"16":{"start":{"line":200,"column":2},"end":{"line":241,"column":null}}},"fnMap":{"0":{"name":"(anonymous_0)","decl":{"start":{"line":31,"column":24},"end":{"line":31,"column":25}},"loc":{"start":{"line":36,"column":13},"end":{"line":243,"column":null}}},"1":{"name":"(anonymous_1)","decl":{"start":{"line":87,"column":27},"end":{"line":87,"column":33}},"loc":{"start":{"line":87,"column":33},"end":{"line":87,"column":58}}},"2":{"name":"(anonymous_2)","decl":{"start":{"line":147,"column":35},"end":{"line":147,"column":36}},"loc":{"start":{"line":147,"column":45},"end":{"line":192,"column":13}}},"3":{"name":"(anonymous_3)","decl":{"start":{"line":153,"column":29},"end":{"line":153,"column":35}},"loc":{"start":{"line":153,"column":35},"end":{"line":156,"column":null}}}},"branchMap":{"0":{"loc":{"start":{"line":48,"column":12},"end":{"line":50,"column":null}},"type":"cond-expr","locations":[{"start":{"line":49,"column":16},"end":{"line":49,"column":null}},{"start":{"line":50,"column":16},"end":{"line":50,"column":null}}]},"1":{"loc":{"start":{"line":57,"column":12},"end":{"line":57,"column":null}},"type":"cond-expr","locations":[{"start":{"line":57,"column":25},"end":{"line":57,"column":54}},{"start":{"line":57,"column":54},"end":{"line":57,"column":null}}]},"2":{"loc":{"start":{"line":69,"column":12},"end":{"line":71,"column":null}},"type":"cond-expr","locations":[{"start":{"line":70,"column":16},"end":{"line":70,"column":null}},{"start":{"line":71,"column":16},"end":{"line":71,"column":null}}]},"3":{"loc":{"start":{"line":78,"column":12},"end":{"line":78,"column":null}},"type":"cond-expr","locations":[{"start":{"line":78,"column":25},"end":{"line":78,"column":54}},{"start":{"line":78,"column":54},"end":{"line":78,"column":null}}]},"4":{"loc":{"start":{"line":87,"column":4},"end":{"line":87,"column":null}},"type":"cond-expr","locations":[{"start":{"line":87,"column":27},"end":{"line":87,"column":58}},{"start":{"line":87,"column":58},"end":{"line":87,"column":null}}]},"5":{"loc":{"start":{"line":97,"column":25},"end":{"line":97,"column":null}},"type":"cond-expr","locations":[{"start":{"line":97,"column":38},"end":{"line":97,"column":67}},{"start":{"line":97,"column":67},"end":{"line":97,"column":null}}]},"6":{"loc":{"start":{"line":119,"column":23},"end":{"line":121,"column":null}},"type":"cond-expr","locations":[{"start":{"line":120,"column":20},"end":{"line":120,"column":null}},{"start":{"line":121,"column":20},"end":{"line":121,"column":null}}]},"7":{"loc":{"start":{"line":126,"column":13},"end":{"line":134,"column":null}},"type":"binary-expr","locations":[{"start":{"line":126,"column":13},"end":{"line":126,"column":null}},{"start":{"line":127,"column":14},"end":{"line":134,"column":null}}]},"8":{"loc":{"start":{"line":137,"column":11},"end":{"line":144,"column":null}},"type":"binary-expr","locations":[{"start":{"line":137,"column":11},"end":{"line":137,"column":null}},{"start":{"line":138,"column":12},"end":{"line":144,"column":null}}]},"9":{"loc":{"start":{"line":160,"column":23},"end":{"line":160,"column":null}},"type":"cond-expr","locations":[{"start":{"line":160,"column":36},"end":{"line":160,"column":47}},{"start":{"line":160,"column":47},"end":{"line":160,"column":null}}]},"10":{"loc":{"start":{"line":165,"column":24},"end":{"line":171,"column":null}},"type":"cond-expr","locations":[{"start":{"line":166,"column":28},"end":{"line":168,"column":null}},{"start":{"line":169,"column":28},"end":{"line":171,"column":null}}]},"11":{"loc":{"start":{"line":166,"column":28},"end":{"line":168,"column":null}},"type":"cond-expr","locations":[{"start":{"line":167,"column":30},"end":{"line":167,"column":null}},{"start":{"line":168,"column":30},"end":{"line":168,"column":null}}]},"12":{"loc":{"start":{"line":169,"column":28},"end":{"line":171,"column":null}},"type":"cond-expr","locations":[{"start":{"line":170,"column":28},"end":{"line":170,"column":null}},{"start":{"line":171,"column":28},"end":{"line":171,"column":null}}]},"13":{"loc":{"start":{"line":180,"column":39},"end":{"line":186,"column":null}},"type":"cond-expr","locations":[{"start":{"line":181,"column":26},"end":{"line":183,"column":null}},{"start":{"line":184,"column":26},"end":{"line":186,"column":null}}]},"14":{"loc":{"start":{"line":181,"column":26},"end":{"line":183,"column":null}},"type":"cond-expr","locations":[{"start":{"line":182,"column":28},"end":{"line":182,"column":null}},{"start":{"line":183,"column":28},"end":{"line":183,"column":null}}]},"15":{"loc":{"start":{"line":184,"column":26},"end":{"line":186,"column":null}},"type":"cond-expr","locations":[{"start":{"line":185,"column":26},"end":{"line":185,"column":null}},{"start":{"line":186,"column":26},"end":{"line":186,"column":null}}]},"16":{"loc":{"start":{"line":206,"column":7},"end":{"line":239,"column":null}},"type":"cond-expr","locations":[{"start":{"line":207,"column":8},"end":{"line":224,"column":null}},{"start":{"line":226,"column":8},"end":{"line":239,"column":null}}]}},"s":{"0":1,"1":1,"2":1,"3":3,"4":3,"5":3,"6":3,"7":3,"8":0,"9":3,"10":3,"11":6,"12":6,"13":6,"14":0,"15":0,"16":3},"f":{"0":3,"1":0,"2":6,"3":0},"b":{"0":[0,3],"1":[0,3],"2":[0,3],"3":[0,3],"4":[0,3],"5":[0,3],"6":[0,3],"7":[3,3],"8":[3,3],"9":[0,6],"10":[0,6],"11":[0,0],"12":[0,6],"13":[0,6],"14":[0,0],"15":[0,6],"16":[3,0]}}
,"/Users/ayazuddin/Development/streaming-subscription-dashboard/src/Components/Login/index.tsx": {"path":"/Users/ayazuddin/Development/streaming-subscription-dashboard/src/Components/Login/index.tsx","statementMap":{"0":{"start":{"line":24,"column":30},"end":{"line":33,"column":null}},"1":{"start":{"line":35,"column":19},"end":{"line":168,"column":null}},"2":{"start":{"line":36,"column":58},"end":{"line":36,"column":null}},"3":{"start":{"line":37,"column":21},"end":{"line":37,"column":null}},"4":{"start":{"line":38,"column":22},"end":{"line":38,"column":null}},"5":{"start":{"line":39,"column":19},"end":{"line":39,"column":null}},"6":{"start":{"line":40,"column":16},"end":{"line":40,"column":null}},"7":{"start":{"line":41,"column":36},"end":{"line":41,"column":null}},"8":{"start":{"line":42,"column":33},"end":{"line":42,"column":null}},"9":{"start":{"line":43,"column":16},"end":{"line":43,"column":null}},"10":{"start":{"line":45,"column":27},"end":{"line":72,"column":null}},"11":{"start":{"line":46,"column":32},"end":{"line":46,"column":null}},"12":{"start":{"line":47,"column":4},"end":{"line":71,"column":null}},"13":{"start":{"line":48,"column":6},"end":{"line":48,"column":null}},"14":{"start":{"line":49,"column":6},"end":{"line":70,"column":null}},"15":{"start":{"line":50,"column":25},"end":{"line":53,"column":null}},"16":{"start":{"line":54,"column":46},"end":{"line":54,"column":null}},"17":{"start":{"line":56,"column":27},"end":{"line":56,"column":null}},"18":{"start":{"line":57,"column":8},"end":{"line":57,"column":null}},"19":{"start":{"line":58,"column":8},"end":{"line":58,"column":null}},"20":{"start":{"line":59,"column":8},"end":{"line":59,"column":null}},"21":{"start":{"line":62,"column":8},"end":{"line":67,"column":null}},"22":{"start":{"line":63,"column":10},"end":{"line":66,"column":null}},"23":{"start":{"line":69,"column":8},"end":{"line":69,"column":null}},"24":{"start":{"line":74,"column":2},"end":{"line":166,"column":null}},"25":{"start":{"line":170,"column":14},"end":{"line":209,"column":null}},"26":{"start":{"line":175,"column":18},"end":{"line":175,"column":null}},"27":{"start":{"line":176,"column":28},"end":{"line":176,"column":null}},"28":{"start":{"line":178,"column":16},"end":{"line":178,"column":null}},"29":{"start":{"line":179,"column":20},"end":{"line":181,"column":null}},"30":{"start":{"line":183,"column":2},"end":{"line":183,"column":null}},"31":{"start":{"line":183,"column":18},"end":{"line":183,"column":58}},"32":{"start":{"line":184,"column":2},"end":{"line":207,"column":null}}},"fnMap":{"0":{"name":"(anonymous_0)","decl":{"start":{"line":35,"column":19},"end":{"line":35,"column":25}},"loc":{"start":{"line":35,"column":25},"end":{"line":168,"column":null}}},"1":{"name":"(anonymous_1)","decl":{"start":{"line":45,"column":27},"end":{"line":45,"column":34}},"loc":{"start":{"line":45,"column":55},"end":{"line":72,"column":null}}},"2":{"name":"(anonymous_2)","decl":{"start":{"line":170,"column":14},"end":{"line":170,"column":15}},"loc":{"start":{"line":174,"column":6},"end":{"line":209,"column":null}}},"3":{"name":"(anonymous_3)","decl":{"start":{"line":183,"column":12},"end":{"line":183,"column":18}},"loc":{"start":{"line":183,"column":18},"end":{"line":183,"column":58}}}},"branchMap":{"0":{"loc":{"start":{"line":47,"column":4},"end":{"line":71,"column":null}},"type":"if","locations":[{"start":{"line":47,"column":4},"end":{"line":71,"column":null}},{"start":{"line":47,"column":4},"end":{"line":71,"column":null}}]},"1":{"loc":{"start":{"line":47,"column":8},"end":{"line":47,"column":63}},"type":"binary-expr","locations":[{"start":{"line":47,"column":8},"end":{"line":47,"column":17}},{"start":{"line":47,"column":17},"end":{"line":47,"column":29}},{"start":{"line":47,"column":29},"end":{"line":47,"column":63}}]},"2":{"loc":{"start":{"line":62,"column":8},"end":{"line":67,"column":null}},"type":"if","locations":[{"start":{"line":62,"column":8},"end":{"line":67,"column":null}},{"start":{"line":62,"column":8},"end":{"line":67,"column":null}}]},"3":{"loc":{"start":{"line":188,"column":25},"end":{"line":190,"column":null}},"type":"cond-expr","locations":[{"start":{"line":189,"column":12},"end":{"line":189,"column":null}},{"start":{"line":190,"column":12},"end":{"line":190,"column":null}}]},"4":{"loc":{"start":{"line":195,"column":7},"end":{"line":205,"column":null}},"type":"cond-expr","locations":[{"start":{"line":196,"column":8},"end":{"line":203,"column":null}},{"start":{"line":205,"column":8},"end":{"line":205,"column":null}}]},"5":{"loc":{"start":{"line":198,"column":13},"end":{"line":198,"column":null}},"type":"cond-expr","locations":[{"start":{"line":198,"column":23},"end":{"line":198,"column":37}},{"start":{"line":198,"column":37},"end":{"line":198,"column":null}}]}},"s":{"0":1,"1":1,"2":2,"3":2,"4":2,"5":2,"6":2,"7":2,"8":2,"9":2,"10":2,"11":0,"12":0,"13":0,"14":0,"15":0,"16":0,"17":0,"18":0,"19":0,"20":0,"21":0,"22":0,"23":0,"24":2,"25":1,"26":2,"27":2,"28":2,"29":2,"30":2,"31":1,"32":2},"f":{"0":2,"1":0,"2":2,"3":1},"b":{"0":[0,0],"1":[0,0,0],"2":[0,0],"3":[0,2],"4":[0,2],"5":[0,0]}}
,"/Users/ayazuddin/Development/streaming-subscription-dashboard/src/Components/Navigation/index.tsx": {"path":"/Users/ayazuddin/Development/streaming-subscription-dashboard/src/Components/Navigation/index.tsx","statementMap":{"0":{"start":{"line":9,"column":19},"end":{"line":27,"column":null}},"1":{"start":{"line":10,"column":38},"end":{"line":10,"column":null}},"2":{"start":{"line":11,"column":29},"end":{"line":13,"column":null}},"3":{"start":{"line":12,"column":4},"end":{"line":12,"column":null}},"4":{"start":{"line":14,"column":2},"end":{"line":25,"column":null}}},"fnMap":{"0":{"name":"(anonymous_0)","decl":{"start":{"line":9,"column":19},"end":{"line":9,"column":20}},"loc":{"start":{"line":9,"column":50},"end":{"line":27,"column":null}}},"1":{"name":"(anonymous_1)","decl":{"start":{"line":11,"column":29},"end":{"line":11,"column":35}},"loc":{"start":{"line":11,"column":35},"end":{"line":13,"column":null}}}},"branchMap":{},"s":{"0":1,"1":3,"2":3,"3":0,"4":3},"f":{"0":3,"1":0},"b":{}}
,"/Users/ayazuddin/Development/streaming-subscription-dashboard/src/Components/Project/index.tsx": {"path":"/Users/ayazuddin/Development/streaming-subscription-dashboard/src/Components/Project/index.tsx","statementMap":{"0":{"start":{"line":7,"column":16},"end":{"line":36,"column":null}},"1":{"start":{"line":12,"column":2},"end":{"line":12,"column":null}},"2":{"start":{"line":12,"column":18},"end":{"line":12,"column":51}},"3":{"start":{"line":13,"column":19},"end":{"line":13,"column":null}},"4":{"start":{"line":15,"column":2},"end":{"line":34,"column":null}}},"fnMap":{"0":{"name":"(anonymous_0)","decl":{"start":{"line":7,"column":16},"end":{"line":7,"column":17}},"loc":{"start":{"line":11,"column":6},"end":{"line":36,"column":null}}},"1":{"name":"(anonymous_1)","decl":{"start":{"line":12,"column":12},"end":{"line":12,"column":18}},"loc":{"start":{"line":12,"column":18},"end":{"line":12,"column":51}}}},"branchMap":{},"s":{"0":1,"1":0,"2":0,"3":0,"4":0},"f":{"0":0,"1":0},"b":{}}
,"/Users/ayazuddin/Development/streaming-subscription-dashboard/src/Components/Router/index.tsx": {"path":"/Users/ayazuddin/Development/streaming-subscription-dashboard/src/Components/Router/index.tsx","statementMap":{"0":{"start":{"line":10,"column":7},"end":{"line":10,"column":null}},"1":{"start":{"line":11,"column":2},"end":{"line":11,"column":null}},"2":{"start":{"line":12,"column":2},"end":{"line":12,"column":null}},"3":{"start":{"line":13,"column":2},"end":{"line":13,"column":null}},"4":{"start":{"line":14,"column":2},"end":{"line":14,"column":null}},"5":{"start":{"line":10,"column":12},"end":{"line":10,"column":null}},"6":{"start":{"line":17,"column":15},"end":{"line":75,"column":null}},"7":{"start":{"line":18,"column":49},"end":{"line":18,"column":null}},"8":{"start":{"line":19,"column":16},"end":{"line":19,"column":null}},"9":{"start":{"line":20,"column":19},"end":{"line":20,"column":null}},"10":{"start":{"line":21,"column":25},"end":{"line":21,"column":null}},"11":{"start":{"line":23,"column":2},"end":{"line":23,"column":null}},"12":{"start":{"line":25,"column":2},"end":{"line":38,"column":null}},"13":{"start":{"line":26,"column":17},"end":{"line":26,"column":null}},"14":{"start":{"line":27,"column":4},"end":{"line":31,"column":null}},"15":{"start":{"line":28,"column":6},"end":{"line":30,"column":null}},"16":{"start":{"line":33,"column":4},"end":{"line":37,"column":null}},"17":{"start":{"line":34,"column":6},"end":{"line":36,"column":null}},"18":{"start":{"line":35,"column":8},"end":{"line":35,"column":null}},"19":{"start":{"line":40,"column":24},"end":{"line":40,"column":null}},"20":{"start":{"line":42,"column":2},"end":{"line":73,"column":null}},"21":{"start":{"line":77,"column":20},"end":{"line":94,"column":null}},"22":{"start":{"line":78,"column":22},"end":{"line":78,"column":null}},"23":{"start":{"line":79,"column":33},"end":{"line":79,"column":null}},"24":{"start":{"line":80,"column":19},"end":{"line":80,"column":null}},"25":{"start":{"line":81,"column":26},"end":{"line":81,"column":null}},"26":{"start":{"line":83,"column":2},"end":{"line":87,"column":null}},"27":{"start":{"line":84,"column":4},"end":{"line":86,"column":null}},"28":{"start":{"line":85,"column":6},"end":{"line":85,"column":null}},"29":{"start":{"line":89,"column":2},"end":{"line":92,"column":null}}},"fnMap":{"0":{"name":"(anonymous_0)","decl":{"start":{"line":10,"column":7},"end":{"line":10,"column":12}},"loc":{"start":{"line":10,"column":7},"end":{"line":10,"column":null}}},"1":{"name":"(anonymous_1)","decl":{"start":{"line":17,"column":15},"end":{"line":17,"column":21}},"loc":{"start":{"line":17,"column":21},"end":{"line":75,"column":null}}},"2":{"name":"(anonymous_2)","decl":{"start":{"line":25,"column":12},"end":{"line":25,"column":18}},"loc":{"start":{"line":25,"column":18},"end":{"line":38,"column":5}}},"3":{"name":"(anonymous_3)","decl":{"start":{"line":33,"column":11},"end":{"line":33,"column":17}},"loc":{"start":{"line":33,"column":17},"end":{"line":37,"column":null}}},"4":{"name":"(anonymous_4)","decl":{"start":{"line":77,"column":20},"end":{"line":77,"column":26}},"loc":{"start":{"line":77,"column":26},"end":{"line":94,"column":null}}},"5":{"name":"(anonymous_5)","decl":{"start":{"line":83,"column":12},"end":{"line":83,"column":18}},"loc":{"start":{"line":83,"column":18},"end":{"line":87,"column":5}}}},"branchMap":{"0":{"loc":{"start":{"line":10,"column":12},"end":{"line":10,"column":null}},"type":"binary-expr","locations":[{"start":{"line":10,"column":12},"end":{"line":10,"column":null}},{"start":{"line":10,"column":12},"end":{"line":10,"column":null}}]},"1":{"loc":{"start":{"line":27,"column":4},"end":{"line":31,"column":null}},"type":"if","locations":[{"start":{"line":27,"column":4},"end":{"line":31,"column":null}},{"start":{"line":27,"column":4},"end":{"line":31,"column":null}}]},"2":{"loc":{"start":{"line":28,"column":35},"end":{"line":30,"column":null}},"type":"cond-expr","locations":[{"start":{"line":29,"column":10},"end":{"line":29,"column":null}},{"start":{"line":30,"column":10},"end":{"line":30,"column":null}}]},"3":{"loc":{"start":{"line":34,"column":6},"end":{"line":36,"column":null}},"type":"if","locations":[{"start":{"line":34,"column":6},"end":{"line":36,"column":null}},{"start":{"line":34,"column":6},"end":{"line":36,"column":null}}]},"4":{"loc":{"start":{"line":43,"column":24},"end":{"line":43,"column":57}},"type":"cond-expr","locations":[{"start":{"line":43,"column":40},"end":{"line":43,"column":49}},{"start":{"line":43,"column":49},"end":{"line":43,"column":57}}]},"5":{"loc":{"start":{"line":44,"column":7},"end":{"line":44,"column":null}},"type":"cond-expr","locations":[{"start":{"line":44,"column":23},"end":{"line":44,"column":72}},{"start":{"line":44,"column":72},"end":{"line":44,"column":null}}]},"6":{"loc":{"start":{"line":84,"column":4},"end":{"line":86,"column":null}},"type":"if","locations":[{"start":{"line":84,"column":4},"end":{"line":86,"column":null}},{"start":{"line":84,"column":4},"end":{"line":86,"column":null}}]},"7":{"loc":{"start":{"line":89,"column":9},"end":{"line":92,"column":null}},"type":"cond-expr","locations":[{"start":{"line":90,"column":4},"end":{"line":90,"column":null}},{"start":{"line":92,"column":4},"end":{"line":92,"column":null}}]}},"s":{"0":1,"1":1,"2":1,"3":1,"4":1,"5":1,"6":1,"7":4,"8":4,"9":4,"10":4,"11":4,"12":4,"13":1,"14":1,"15":1,"16":1,"17":1,"18":1,"19":4,"20":4,"21":1,"22":2,"23":2,"24":2,"25":2,"26":2,"27":1,"28":0,"29":2},"f":{"0":1,"1":4,"2":1,"3":1,"4":2,"5":1},"b":{"0":[1,1],"1":[1,0],"2":[0,1],"3":[1,0],"4":[3,1],"5":[3,1],"6":[0,1],"7":[0,2]}}
,"/Users/ayazuddin/Development/streaming-subscription-dashboard/src/Components/SearchToggle/index.tsx": {"path":"/Users/ayazuddin/Development/streaming-subscription-dashboard/src/Components/SearchToggle/index.tsx","statementMap":{"0":{"start":{"line":6,"column":21},"end":{"line":26,"column":null}},"1":{"start":{"line":7,"column":16},"end":{"line":7,"column":null}},"2":{"start":{"line":8,"column":25},"end":{"line":8,"column":null}},"3":{"start":{"line":9,"column":2},"end":{"line":24,"column":null}}},"fnMap":{"0":{"name":"(anonymous_0)","decl":{"start":{"line":6,"column":21},"end":{"line":6,"column":27}},"loc":{"start":{"line":6,"column":27},"end":{"line":26,"column":null}}}},"branchMap":{"0":{"loc":{"start":{"line":12,"column":25},"end":{"line":14,"column":null}},"type":"cond-expr","locations":[{"start":{"line":13,"column":12},"end":{"line":13,"column":null}},{"start":{"line":14,"column":12},"end":{"line":14,"column":null}}]},"1":{"loc":{"start":{"line":17,"column":27},"end":{"line":19,"column":null}},"type":"cond-expr","locations":[{"start":{"line":18,"column":14},"end":{"line":18,"column":null}},{"start":{"line":19,"column":14},"end":{"line":19,"column":null}}]}},"s":{"0":1,"1":0,"2":0,"3":0},"f":{"0":0},"b":{"0":[0,0],"1":[0,0]}}
,"/Users/ayazuddin/Development/streaming-subscription-dashboard/src/Components/Signup/index.tsx": {"path":"/Users/ayazuddin/Development/streaming-subscription-dashboard/src/Components/Signup/index.tsx","statementMap":{"0":{"start":{"line":23,"column":20},"end":{"line":167,"column":null}},"1":{"start":{"line":24,"column":58},"end":{"line":24,"column":null}},"2":{"start":{"line":25,"column":21},"end":{"line":25,"column":null}},"3":{"start":{"line":26,"column":16},"end":{"line":26,"column":null}},"4":{"start":{"line":27,"column":33},"end":{"line":27,"column":null}},"5":{"start":{"line":28,"column":22},"end":{"line":28,"column":null}},"6":{"start":{"line":29,"column":19},"end":{"line":29,"column":null}},"7":{"start":{"line":30,"column":36},"end":{"line":30,"column":null}},"8":{"start":{"line":31,"column":16},"end":{"line":31,"column":null}},"9":{"start":{"line":33,"column":27},"end":{"line":72,"column":null}},"10":{"start":{"line":34,"column":47},"end":{"line":34,"column":null}},"11":{"start":{"line":35,"column":4},"end":{"line":64,"column":null}},"12":{"start":{"line":41,"column":6},"end":{"line":41,"column":null}},"13":{"start":{"line":42,"column":6},"end":{"line":62,"column":null}},"14":{"start":{"line":43,"column":25},"end":{"line":46,"column":null}},"15":{"start":{"line":47,"column":46},"end":{"line":47,"column":null}},"16":{"start":{"line":48,"column":27},"end":{"line":48,"column":null}},"17":{"start":{"line":49,"column":8},"end":{"line":49,"column":null}},"18":{"start":{"line":50,"column":8},"end":{"line":50,"column":null}},"19":{"start":{"line":51,"column":8},"end":{"line":51,"column":null}},"20":{"start":{"line":54,"column":8},"end":{"line":59,"column":null}},"21":{"start":{"line":55,"column":10},"end":{"line":58,"column":null}},"22":{"start":{"line":61,"column":8},"end":{"line":61,"column":null}},"23":{"start":{"line":63,"column":6},"end":{"line":63,"column":null}},"24":{"start":{"line":66,"column":4},"end":{"line":71,"column":null}},"25":{"start":{"line":67,"column":6},"end":{"line":70,"column":null}},"26":{"start":{"line":74,"column":2},"end":{"line":165,"column":null}},"27":{"start":{"line":169,"column":15},"end":{"line":208,"column":null}},"28":{"start":{"line":174,"column":18},"end":{"line":174,"column":null}},"29":{"start":{"line":175,"column":28},"end":{"line":175,"column":null}},"30":{"start":{"line":177,"column":16},"end":{"line":177,"column":null}},"31":{"start":{"line":178,"column":20},"end":{"line":180,"column":null}},"32":{"start":{"line":182,"column":2},"end":{"line":182,"column":null}},"33":{"start":{"line":182,"column":18},"end":{"line":182,"column":58}},"34":{"start":{"line":183,"column":2},"end":{"line":206,"column":null}}},"fnMap":{"0":{"name":"(anonymous_0)","decl":{"start":{"line":23,"column":20},"end":{"line":23,"column":26}},"loc":{"start":{"line":23,"column":26},"end":{"line":167,"column":null}}},"1":{"name":"(anonymous_1)","decl":{"start":{"line":33,"column":27},"end":{"line":33,"column":34}},"loc":{"start":{"line":33,"column":55},"end":{"line":72,"column":null}}},"2":{"name":"(anonymous_2)","decl":{"start":{"line":169,"column":15},"end":{"line":169,"column":16}},"loc":{"start":{"line":173,"column":6},"end":{"line":208,"column":null}}},"3":{"name":"(anonymous_3)","decl":{"start":{"line":182,"column":12},"end":{"line":182,"column":18}},"loc":{"start":{"line":182,"column":18},"end":{"line":182,"column":58}}}},"branchMap":{"0":{"loc":{"start":{"line":35,"column":4},"end":{"line":64,"column":null}},"type":"if","locations":[{"start":{"line":35,"column":4},"end":{"line":64,"column":null}},{"start":{"line":35,"column":4},"end":{"line":64,"column":null}}]},"1":{"loc":{"start":{"line":36,"column":6},"end":{"line":39,"column":null}},"type":"binary-expr","locations":[{"start":{"line":36,"column":6},"end":{"line":36,"column":null}},{"start":{"line":37,"column":6},"end":{"line":37,"column":null}},{"start":{"line":38,"column":6},"end":{"line":38,"column":null}},{"start":{"line":39,"column":6},"end":{"line":39,"column":null}}]},"2":{"loc":{"start":{"line":54,"column":8},"end":{"line":59,"column":null}},"type":"if","locations":[{"start":{"line":54,"column":8},"end":{"line":59,"column":null}},{"start":{"line":54,"column":8},"end":{"line":59,"column":null}}]},"3":{"loc":{"start":{"line":66,"column":4},"end":{"line":71,"column":null}},"type":"if","locations":[{"start":{"line":66,"column":4},"end":{"line":71,"column":null}},{"start":{"line":66,"column":4},"end":{"line":71,"column":null}}]},"4":{"loc":{"start":{"line":187,"column":25},"end":{"line":189,"column":null}},"type":"cond-expr","locations":[{"start":{"line":188,"column":12},"end":{"line":188,"column":null}},{"start":{"line":189,"column":12},"end":{"line":189,"column":null}}]},"5":{"loc":{"start":{"line":194,"column":7},"end":{"line":204,"column":null}},"type":"cond-expr","locations":[{"start":{"line":195,"column":8},"end":{"line":202,"column":null}},{"start":{"line":204,"column":8},"end":{"line":204,"column":null}}]},"6":{"loc":{"start":{"line":197,"column":13},"end":{"line":197,"column":null}},"type":"cond-expr","locations":[{"start":{"line":197,"column":23},"end":{"line":197,"column":37}},{"start":{"line":197,"column":37},"end":{"line":197,"column":null}}]}},"s":{"0":1,"1":0,"2":0,"3":0,"4":0,"5":0,"6":0,"7":0,"8":0,"9":0,"10":0,"11":0,"12":0,"13":0,"14":0,"15":0,"16":0,"17":0,"18":0,"19":0,"20":0,"21":0,"22":0,"23":0,"24":0,"25":0,"26":0,"27":1,"28":0,"29":0,"30":0,"31":0,"32":0,"33":0,"34":0},"f":{"0":0,"1":0,"2":0,"3":0},"b":{"0":[0,0],"1":[0,0,0,0],"2":[0,0],"3":[0,0],"4":[0,0],"5":[0,0],"6":[0,0]}}
,"/Users/ayazuddin/Development/streaming-subscription-dashboard/src/Components/Table/index.tsx": {"path":"/Users/ayazuddin/Development/streaming-subscription-dashboard/src/Components/Table/index.tsx","statementMap":{"0":{"start":{"line":28,"column":14},"end":{"line":145,"column":null}},"1":{"start":{"line":29,"column":16},"end":{"line":29,"column":null}},"2":{"start":{"line":30,"column":24},"end":{"line":30,"column":null}},"3":{"start":{"line":30,"column":46},"end":{"line":30,"column":73}},"4":{"start":{"line":31,"column":22},"end":{"line":31,"column":null}},"5":{"start":{"line":31,"column":44},"end":{"line":31,"column":69}},"6":{"start":{"line":32,"column":25},"end":{"line":32,"column":null}},"7":{"start":{"line":32,"column":47},"end":{"line":32,"column":76}},"8":{"start":{"line":33,"column":25},"end":{"line":33,"column":null}},"9":{"start":{"line":35,"column":2},"end":{"line":35,"column":null}},"10":{"start":{"line":37,"column":34},"end":{"line":74,"column":null}},"11":{"start":{"line":45,"column":22},"end":{"line":45,"column":null}},"12":{"start":{"line":46,"column":8},"end":{"line":66,"column":null}},"13":{"start":{"line":47,"column":10},"end":{"line":51,"column":null}},"14":{"start":{"line":52,"column":8},"end":{"line":66,"column":null}},"15":{"start":{"line":53,"column":10},"end":{"line":57,"column":null}},"16":{"start":{"line":58,"column":8},"end":{"line":66,"column":null}},"17":{"start":{"line":59,"column":10},"end":{"line":63,"column":null}},"18":{"start":{"line":65,"column":10},"end":{"line":65,"column":null}},"19":{"start":{"line":76,"column":2},"end":{"line":143,"column":null}}},"fnMap":{"0":{"name":"(anonymous_0)","decl":{"start":{"line":28,"column":14},"end":{"line":28,"column":15}},"loc":{"start":{"line":28,"column":45},"end":{"line":145,"column":null}}},"1":{"name":"(anonymous_1)","decl":{"start":{"line":30,"column":36},"end":{"line":30,"column":37}},"loc":{"start":{"line":30,"column":46},"end":{"line":30,"column":73}}},"2":{"name":"(anonymous_2)","decl":{"start":{"line":31,"column":34},"end":{"line":31,"column":35}},"loc":{"start":{"line":31,"column":44},"end":{"line":31,"column":69}}},"3":{"name":"(anonymous_3)","decl":{"start":{"line":32,"column":37},"end":{"line":32,"column":38}},"loc":{"start":{"line":32,"column":47},"end":{"line":32,"column":76}}},"4":{"name":"(anonymous_4)","decl":{"start":{"line":44,"column":17},"end":{"line":44,"column":18}},"loc":{"start":{"line":44,"column":29},"end":{"line":67,"column":null}}}},"branchMap":{"0":{"loc":{"start":{"line":46,"column":8},"end":{"line":66,"column":null}},"type":"if","locations":[{"start":{"line":46,"column":8},"end":{"line":66,"column":null}},{"start":{"line":52,"column":8},"end":{"line":66,"column":null}}]},"1":{"loc":{"start":{"line":52,"column":8},"end":{"line":66,"column":null}},"type":"if","locations":[{"start":{"line":52,"column":8},"end":{"line":66,"column":null}},{"start":{"line":58,"column":8},"end":{"line":66,"column":null}}]},"2":{"loc":{"start":{"line":58,"column":8},"end":{"line":66,"column":null}},"type":"if","locations":[{"start":{"line":58,"column":8},"end":{"line":66,"column":null}},{"start":{"line":64,"column":15},"end":{"line":66,"column":null}}]},"3":{"loc":{"start":{"line":116,"column":19},"end":{"line":116,"column":null}},"type":"cond-expr","locations":[{"start":{"line":116,"column":32},"end":{"line":116,"column":57}},{"start":{"line":116,"column":57},"end":{"line":116,"column":null}}]}},"s":{"0":1,"1":0,"2":0,"3":0,"4":0,"5":0,"6":0,"7":0,"8":0,"9":0,"10":0,"11":0,"12":0,"13":0,"14":0,"15":0,"16":0,"17":0,"18":0,"19":0},"f":{"0":0,"1":0,"2":0,"3":0,"4":0},"b":{"0":[0,0],"1":[0,0],"2":[0,0],"3":[0,0]}}
,"/Users/ayazuddin/Development/streaming-subscription-dashboard/src/Components/TaskList/index.tsx": {"path":"/Users/ayazuddin/Development/streaming-subscription-dashboard/src/Components/TaskList/index.tsx","statementMap":{"0":{"start":{"line":7,"column":30},"end":{"line":29,"column":null}},"1":{"start":{"line":31,"column":17},"end":{"line":96,"column":null}},"2":{"start":{"line":33,"column":24},"end":{"line":33,"column":null}},"3":{"start":{"line":33,"column":46},"end":{"line":33,"column":73}},"4":{"start":{"line":34,"column":22},"end":{"line":34,"column":null}},"5":{"start":{"line":34,"column":44},"end":{"line":34,"column":69}},"6":{"start":{"line":35,"column":25},"end":{"line":35,"column":null}},"7":{"start":{"line":35,"column":47},"end":{"line":35,"column":76}},"8":{"start":{"line":36,"column":2},"end":{"line":94,"column":null}}},"fnMap":{"0":{"name":"(anonymous_0)","decl":{"start":{"line":31,"column":17},"end":{"line":31,"column":18}},"loc":{"start":{"line":31,"column":49},"end":{"line":96,"column":null}}},"1":{"name":"(anonymous_1)","decl":{"start":{"line":33,"column":36},"end":{"line":33,"column":37}},"loc":{"start":{"line":33,"column":46},"end":{"line":33,"column":73}}},"2":{"name":"(anonymous_2)","decl":{"start":{"line":34,"column":34},"end":{"line":34,"column":35}},"loc":{"start":{"line":34,"column":44},"end":{"line":34,"column":69}}},"3":{"name":"(anonymous_3)","decl":{"start":{"line":35,"column":37},"end":{"line":35,"column":38}},"loc":{"start":{"line":35,"column":47},"end":{"line":35,"column":76}}}},"branchMap":{},"s":{"0":1,"1":1,"2":0,"3":0,"4":0,"5":0,"6":0,"7":0,"8":0},"f":{"0":0,"1":0,"2":0,"3":0},"b":{}}
,"/Users/ayazuddin/Development/streaming-subscription-dashboard/src/Components/TotalsCard/index.tsx": {"path":"/Users/ayazuddin/Development/streaming-subscription-dashboard/src/Components/TotalsCard/index.tsx","statementMap":{"0":{"start":{"line":12,"column":19},"end":{"line":56,"column":null}},"1":{"start":{"line":13,"column":2},"end":{"line":54,"column":null}}},"fnMap":{"0":{"name":"(anonymous_0)","decl":{"start":{"line":12,"column":19},"end":{"line":12,"column":20}},"loc":{"start":{"line":12,"column":48},"end":{"line":56,"column":null}}}},"branchMap":{},"s":{"0":1,"1":0},"f":{"0":0},"b":{}}
,"/Users/ayazuddin/Development/streaming-subscription-dashboard/src/Components/_v1/Chart/ActiveUsersBarChart.tsx": {"path":"/Users/ayazuddin/Development/streaming-subscription-dashboard/src/Components/_v1/Chart/ActiveUsersBarChart.tsx","statementMap":{"0":{"start":{"line":6,"column":21},"end":{"line":14,"column":null}},"1":{"start":{"line":16,"column":23},"end":{"line":16,"column":null}},"2":{"start":{"line":16,"column":42},"end":{"line":16,"column":null}},"3":{"start":{"line":18,"column":28},"end":{"line":62,"column":null}},"4":{"start":{"line":25,"column":22},"end":{"line":25,"column":null}},"5":{"start":{"line":25,"column":51},"end":{"line":25,"column":71}},"6":{"start":{"line":27,"column":24},"end":{"line":29,"column":null}},"7":{"start":{"line":28,"column":20},"end":{"line":28,"column":null}},"8":{"start":{"line":31,"column":18},"end":{"line":40,"column":null}},"9":{"start":{"line":41,"column":2},"end":{"line":60,"column":null}},"10":{"start":{"line":49,"column":21},"end":{"line":49,"column":null}}},"fnMap":{"0":{"name":"(anonymous_0)","decl":{"start":{"line":16,"column":23},"end":{"line":16,"column":24}},"loc":{"start":{"line":16,"column":42},"end":{"line":16,"column":null}}},"1":{"name":"(anonymous_1)","decl":{"start":{"line":18,"column":28},"end":{"line":18,"column":29}},"loc":{"start":{"line":24,"column":6},"end":{"line":62,"column":null}}},"2":{"name":"(anonymous_2)","decl":{"start":{"line":25,"column":35},"end":{"line":25,"column":36}},"loc":{"start":{"line":25,"column":51},"end":{"line":25,"column":71}}},"3":{"name":"(anonymous_3)","decl":{"start":{"line":28,"column":4},"end":{"line":28,"column":5}},"loc":{"start":{"line":28,"column":20},"end":{"line":28,"column":null}}},"4":{"name":"(anonymous_4)","decl":{"start":{"line":49,"column":15},"end":{"line":49,"column":21}},"loc":{"start":{"line":49,"column":21},"end":{"line":49,"column":null}}}},"branchMap":{},"s":{"0":0,"1":0,"2":0,"3":0,"4":0,"5":0,"6":0,"7":0,"8":0,"9":0,"10":0},"f":{"0":0,"1":0,"2":0,"3":0,"4":0},"b":{}}
,"/Users/ayazuddin/Development/streaming-subscription-dashboard/src/Components/_v1/Chart/MostWatchedPieChart.tsx": {"path":"/Users/ayazuddin/Development/streaming-subscription-dashboard/src/Components/_v1/Chart/MostWatchedPieChart.tsx","statementMap":{"0":{"start":{"line":13,"column":0},"end":{"line":13,"column":null}},"1":{"start":{"line":14,"column":2},"end":{"line":14,"column":9}},"2":{"start":{"line":15,"column":2},"end":{"line":15,"column":8}},"3":{"start":{"line":13,"column":5},"end":{"line":13,"column":null}},"4":{"start":{"line":18,"column":17},"end":{"line":57,"column":null}},"5":{"start":{"line":19,"column":2},"end":{"line":19,"column":null}},"6":{"start":{"line":20,"column":25},"end":{"line":24,"column":null}},"7":{"start":{"line":23,"column":6},"end":{"line":23,"column":null}},"8":{"start":{"line":25,"column":2},"end":{"line":55,"column":null}}},"fnMap":{"0":{"name":"(anonymous_0)","decl":{"start":{"line":13,"column":0},"end":{"line":13,"column":5}},"loc":{"start":{"line":13,"column":0},"end":{"line":13,"column":null}}},"1":{"name":"(anonymous_1)","decl":{"start":{"line":18,"column":17},"end":{"line":18,"column":18}},"loc":{"start":{"line":18,"column":59},"end":{"line":57,"column":null}}},"2":{"name":"(anonymous_2)","decl":{"start":{"line":22,"column":9},"end":{"line":22,"column":10}},"loc":{"start":{"line":22,"column":20},"end":{"line":24,"column":5}}}},"branchMap":{"0":{"loc":{"start":{"line":13,"column":5},"end":{"line":13,"column":null}},"type":"binary-expr","locations":[{"start":{"line":13,"column":5},"end":{"line":13,"column":null}},{"start":{"line":13,"column":5},"end":{"line":13,"column":null}}]}},"s":{"0":0,"1":0,"2":0,"3":0,"4":0,"5":0,"6":0,"7":0,"8":0},"f":{"0":0,"1":0,"2":0},"b":{"0":[0,0]}}
,"/Users/ayazuddin/Development/streaming-subscription-dashboard/src/Components/_v1/Chart/PieChart.tsx": {"path":"/Users/ayazuddin/Development/streaming-subscription-dashboard/src/Components/_v1/Chart/PieChart.tsx","statementMap":{"0":{"start":{"line":11,"column":17},"end":{"line":35,"column":null}},"1":{"start":{"line":12,"column":2},"end":{"line":33,"column":null}}},"fnMap":{"0":{"name":"(anonymous_0)","decl":{"start":{"line":11,"column":17},"end":{"line":11,"column":18}},"loc":{"start":{"line":11,"column":48},"end":{"line":35,"column":null}}}},"branchMap":{},"s":{"0":0,"1":0},"f":{"0":0},"b":{}}
,"/Users/ayazuddin/Development/streaming-subscription-dashboard/src/Components/_v1/ContentContainer/index.tsx": {"path":"/Users/ayazuddin/Development/streaming-subscription-dashboard/src/Components/_v1/ContentContainer/index.tsx","statementMap":{"0":{"start":{"line":6,"column":0},"end":{"line":6,"column":null}},"1":{"start":{"line":7,"column":2},"end":{"line":7,"column":null}},"2":{"start":{"line":8,"column":2},"end":{"line":8,"column":null}},"3":{"start":{"line":9,"column":2},"end":{"line":9,"column":null}},"4":{"start":{"line":6,"column":5},"end":{"line":6,"column":null}},"5":{"start":{"line":12,"column":25},"end":{"line":42,"column":null}},"6":{"start":{"line":19,"column":19},"end":{"line":19,"column":null}},"7":{"start":{"line":20,"column":2},"end":{"line":20,"column":null}},"8":{"start":{"line":20,"column":18},"end":{"line":20,"column":44}},"9":{"start":{"line":21,"column":2},"end":{"line":40,"column":null}}},"fnMap":{"0":{"name":"(anonymous_0)","decl":{"start":{"line":6,"column":0},"end":{"line":6,"column":5}},"loc":{"start":{"line":6,"column":0},"end":{"line":6,"column":null}}},"1":{"name":"(anonymous_1)","decl":{"start":{"line":12,"column":25},"end":{"line":12,"column":26}},"loc":{"start":{"line":18,"column":6},"end":{"line":42,"column":null}}},"2":{"name":"(anonymous_2)","decl":{"start":{"line":20,"column":12},"end":{"line":20,"column":18}},"loc":{"start":{"line":20,"column":18},"end":{"line":20,"column":44}}}},"branchMap":{"0":{"loc":{"start":{"line":6,"column":5},"end":{"line":6,"column":null}},"type":"binary-expr","locations":[{"start":{"line":6,"column":5},"end":{"line":6,"column":null}},{"start":{"line":6,"column":5},"end":{"line":6,"column":null}}]}},"s":{"0":0,"1":0,"2":0,"3":0,"4":0,"5":0,"6":0,"7":0,"8":0,"9":0},"f":{"0":0,"1":0,"2":0},"b":{"0":[0,0]}}
,"/Users/ayazuddin/Development/streaming-subscription-dashboard/src/Components/_v1/Dashboard/index.tsx": {"path":"/Users/ayazuddin/Development/streaming-subscription-dashboard/src/Components/_v1/Dashboard/index.tsx","statementMap":{"0":{"start":{"line":8,"column":18},"end":{"line":62,"column":null}},"1":{"start":{"line":13,"column":20},"end":{"line":13,"column":null}},"2":{"start":{"line":14,"column":20},"end":{"line":14,"column":null}},"3":{"start":{"line":16,"column":22},"end":{"line":16,"column":null}},"4":{"start":{"line":16,"column":51},"end":{"line":16,"column":71}},"5":{"start":{"line":18,"column":27},"end":{"line":21,"column":null}},"6":{"start":{"line":23,"column":2},"end":{"line":60,"column":null}},"7":{"start":{"line":41,"column":27},"end":{"line":41,"column":null}}},"fnMap":{"0":{"name":"(anonymous_0)","decl":{"start":{"line":8,"column":18},"end":{"line":8,"column":19}},"loc":{"start":{"line":12,"column":6},"end":{"line":62,"column":null}}},"1":{"name":"(anonymous_1)","decl":{"start":{"line":16,"column":35},"end":{"line":16,"column":36}},"loc":{"start":{"line":16,"column":51},"end":{"line":16,"column":71}}},"2":{"name":"(anonymous_2)","decl":{"start":{"line":41,"column":21},"end":{"line":41,"column":27}},"loc":{"start":{"line":41,"column":27},"end":{"line":41,"column":null}}}},"branchMap":{"0":{"loc":{"start":{"line":33,"column":9},"end":{"line":45,"column":null}},"type":"cond-expr","locations":[{"start":{"line":34,"column":10},"end":{"line":44,"column":null}},{"start":{"line":45,"column":12},"end":{"line":45,"column":null}}]},"1":{"loc":{"start":{"line":46,"column":9},"end":{"line":58,"column":null}},"type":"cond-expr","locations":[{"start":{"line":47,"column":10},"end":{"line":57,"column":null}},{"start":{"line":58,"column":12},"end":{"line":58,"column":null}}]}},"s":{"0":0,"1":0,"2":0,"3":0,"4":0,"5":0,"6":0,"7":0},"f":{"0":0,"1":0,"2":0},"b":{"0":[0,0],"1":[0,0]}}
,"/Users/ayazuddin/Development/streaming-subscription-dashboard/src/Components/_v1/Header/index.tsx": {"path":"/Users/ayazuddin/Development/streaming-subscription-dashboard/src/Components/_v1/Header/index.tsx","statementMap":{"0":{"start":{"line":4,"column":15},"end":{"line":10,"column":null}},"1":{"start":{"line":5,"column":2},"end":{"line":8,"column":null}}},"fnMap":{"0":{"name":"(anonymous_0)","decl":{"start":{"line":4,"column":15},"end":{"line":4,"column":16}},"loc":{"start":{"line":4,"column":47},"end":{"line":10,"column":null}}}},"branchMap":{},"s":{"0":0,"1":0},"f":{"0":0},"b":{}}
,"/Users/ayazuddin/Development/streaming-subscription-dashboard/src/Components/_v1/HoverPaper/index.tsx": {"path":"/Users/ayazuddin/Development/streaming-subscription-dashboard/src/Components/_v1/HoverPaper/index.tsx","statementMap":{"0":{"start":{"line":5,"column":19},"end":{"line":44,"column":null}},"1":{"start":{"line":14,"column":36},"end":{"line":14,"column":null}},"2":{"start":{"line":16,"column":26},"end":{"line":18,"column":null}},"3":{"start":{"line":17,"column":4},"end":{"line":17,"column":null}},"4":{"start":{"line":20,"column":25},"end":{"line":22,"column":null}},"5":{"start":{"line":21,"column":4},"end":{"line":21,"column":null}},"6":{"start":{"line":24,"column":21},"end":{"line":31,"column":null}},"7":{"start":{"line":33,"column":2},"end":{"line":42,"column":null}}},"fnMap":{"0":{"name":"(anonymous_0)","decl":{"start":{"line":5,"column":19},"end":{"line":5,"column":20}},"loc":{"start":{"line":13,"column":6},"end":{"line":44,"column":null}}},"1":{"name":"(anonymous_1)","decl":{"start":{"line":8,"column":12},"end":{"line":8,"column":18}},"loc":{"start":{"line":8,"column":18},"end":{"line":8,"column":null}}},"2":{"name":"(anonymous_2)","decl":{"start":{"line":16,"column":26},"end":{"line":16,"column":32}},"loc":{"start":{"line":16,"column":32},"end":{"line":18,"column":null}}},"3":{"name":"(anonymous_3)","decl":{"start":{"line":20,"column":25},"end":{"line":20,"column":31}},"loc":{"start":{"line":20,"column":31},"end":{"line":22,"column":null}}}},"branchMap":{"0":{"loc":{"start":{"line":7,"column":2},"end":{"line":7,"column":null}},"type":"default-arg","locations":[{"start":{"line":7,"column":7},"end":{"line":7,"column":null}}]},"1":{"loc":{"start":{"line":8,"column":2},"end":{"line":8,"column":null}},"type":"default-arg","locations":[{"start":{"line":8,"column":12},"end":{"line":8,"column":null}}]},"2":{"loc":{"start":{"line":26,"column":21},"end":{"line":28,"column":null}},"type":"cond-expr","locations":[{"start":{"line":27,"column":8},"end":{"line":27,"column":null}},{"start":{"line":28,"column":8},"end":{"line":28,"column":null}}]}},"s":{"0":0,"1":0,"2":0,"3":0,"4":0,"5":0,"6":0,"7":0},"f":{"0":0,"1":0,"2":0,"3":0},"b":{"0":[0],"1":[0],"2":[0,0]}}
,"/Users/ayazuddin/Development/streaming-subscription-dashboard/src/Components/_v1/Main/index.tsx": {"path":"/Users/ayazuddin/Development/streaming-subscription-dashboard/src/Components/_v1/Main/index.tsx","statementMap":{"0":{"start":{"line":11,"column":7},"end":{"line":11,"column":null}},"1":{"start":{"line":12,"column":2},"end":{"line":12,"column":null}},"2":{"start":{"line":13,"column":2},"end":{"line":13,"column":null}},"3":{"start":{"line":14,"column":2},"end":{"line":14,"column":null}},"4":{"start":{"line":15,"column":2},"end":{"line":15,"column":null}},"5":{"start":{"line":11,"column":12},"end":{"line":11,"column":null}},"6":{"start":{"line":18,"column":13},"end":{"line":52,"column":null}},"7":{"start":{"line":19,"column":35},"end":{"line":19,"column":null}},"8":{"start":{"line":20,"column":22},"end":{"line":20,"column":null}},"9":{"start":{"line":21,"column":27},"end":{"line":21,"column":null}},"10":{"start":{"line":23,"column":24},"end":{"line":26,"column":null}},"11":{"start":{"line":24,"column":50},"end":{"line":24,"column":null}},"12":{"start":{"line":28,"column":2},"end":{"line":32,"column":null}},"13":{"start":{"line":29,"column":4},"end":{"line":31,"column":null}},"14":{"start":{"line":30,"column":6},"end":{"line":30,"column":null}},"15":{"start":{"line":34,"column":2},"end":{"line":34,"column":null}},"16":{"start":{"line":34,"column":13},"end":{"line":34,"column":null}},"17":{"start":{"line":36,"column":2},"end":{"line":36,"column":null}},"18":{"start":{"line":36,"column":15},"end":{"line":36,"column":null}},"19":{"start":{"line":38,"column":2},"end":{"line":50,"column":null}},"20":{"start":{"line":56,"column":23},"end":{"line":70,"column":null}},"21":{"start":{"line":57,"column":2},"end":{"line":68,"column":null}},"22":{"start":{"line":62,"column":29},"end":{"line":62,"column":null}}},"fnMap":{"0":{"name":"(anonymous_0)","decl":{"start":{"line":11,"column":7},"end":{"line":11,"column":12}},"loc":{"start":{"line":11,"column":7},"end":{"line":11,"column":null}}},"1":{"name":"(anonymous_1)","decl":{"start":{"line":18,"column":13},"end":{"line":18,"column":19}},"loc":{"start":{"line":18,"column":19},"end":{"line":52,"column":null}}},"2":{"name":"(anonymous_2)","decl":{"start":{"line":24,"column":4},"end":{"line":24,"column":5}},"loc":{"start":{"line":24,"column":50},"end":{"line":24,"column":null}}},"3":{"name":"(anonymous_3)","decl":{"start":{"line":28,"column":12},"end":{"line":28,"column":18}},"loc":{"start":{"line":28,"column":18},"end":{"line":32,"column":5}}},"4":{"name":"(anonymous_4)","decl":{"start":{"line":56,"column":23},"end":{"line":56,"column":29}},"loc":{"start":{"line":56,"column":29},"end":{"line":70,"column":null}}},"5":{"name":"(anonymous_5)","decl":{"start":{"line":62,"column":18},"end":{"line":62,"column":19}},"loc":{"start":{"line":62,"column":29},"end":{"line":62,"column":null}}}},"branchMap":{"0":{"loc":{"start":{"line":11,"column":12},"end":{"line":11,"column":null}},"type":"binary-expr","locations":[{"start":{"line":11,"column":12},"end":{"line":11,"column":null}},{"start":{"line":11,"column":12},"end":{"line":11,"column":null}}]},"1":{"loc":{"start":{"line":29,"column":4},"end":{"line":31,"column":null}},"type":"if","locations":[{"start":{"line":29,"column":4},"end":{"line":31,"column":null}},{"start":{"line":29,"column":4},"end":{"line":31,"column":null}}]},"2":{"loc":{"start":{"line":34,"column":2},"end":{"line":34,"column":null}},"type":"if","locations":[{"start":{"line":34,"column":2},"end":{"line":34,"column":null}},{"start":{"line":34,"column":2},"end":{"line":34,"column":null}}]},"3":{"loc":{"start":{"line":36,"column":2},"end":{"line":36,"column":null}},"type":"if","locations":[{"start":{"line":36,"column":2},"end":{"line":36,"column":null}},{"start":{"line":36,"column":2},"end":{"line":36,"column":null}}]}},"s":{"0":0,"1":0,"2":0,"3":0,"4":0,"5":0,"6":0,"7":0,"8":0,"9":0,"10":0,"11":0,"12":0,"13":0,"14":0,"15":0,"16":0,"17":0,"18":0,"19":0,"20":0,"21":0,"22":0},"f":{"0":0,"1":0,"2":0,"3":0,"4":0,"5":0},"b":{"0":[0,0],"1":[0,0],"2":[0,0],"3":[0,0]}}
,"/Users/ayazuddin/Development/streaming-subscription-dashboard/src/Components/_v1/Movies/index.tsx": {"path":"/Users/ayazuddin/Development/streaming-subscription-dashboard/src/Components/_v1/Movies/index.tsx","statementMap":{"0":{"start":{"line":3,"column":15},"end":{"line":9,"column":null}},"1":{"start":{"line":4,"column":2},"end":{"line":7,"column":null}}},"fnMap":{"0":{"name":"(anonymous_0)","decl":{"start":{"line":3,"column":15},"end":{"line":3,"column":21}},"loc":{"start":{"line":3,"column":21},"end":{"line":9,"column":null}}}},"branchMap":{},"s":{"0":0,"1":0},"f":{"0":0},"b":{}}
,"/Users/ayazuddin/Development/streaming-subscription-dashboard/src/Components/_v1/Navigation/index.tsx": {"path":"/Users/ayazuddin/Development/streaming-subscription-dashboard/src/Components/_v1/Navigation/index.tsx","statementMap":{"0":{"start":{"line":20,"column":20},"end":{"line":20,"column":null}},"1":{"start":{"line":22,"column":0},"end":{"line":22,"column":null}},"2":{"start":{"line":23,"column":2},"end":{"line":23,"column":null}},"3":{"start":{"line":24,"column":2},"end":{"line":24,"column":null}},"4":{"start":{"line":25,"column":2},"end":{"line":25,"column":null}},"5":{"start":{"line":22,"column":5},"end":{"line":22,"column":null}},"6":{"start":{"line":34,"column":19},"end":{"line":161,"column":null}},"7":{"start":{"line":35,"column":58},"end":{"line":35,"column":null}},"8":{"start":{"line":36,"column":38},"end":{"line":36,"column":null}},"9":{"start":{"line":38,"column":29},"end":{"line":40,"column":null}},"10":{"start":{"line":39,"column":4},"end":{"line":39,"column":null}},"11":{"start":{"line":43,"column":4},"end":{"line":76,"column":null}},"12":{"start":{"line":49,"column":12},"end":{"line":72,"column":null}},"13":{"start":{"line":52,"column":18},"end":{"line":52,"column":null}},"14":{"start":{"line":80,"column":4},"end":{"line":80,"column":null}},"15":{"start":{"line":80,"column":33},"end":{"line":80,"column":58}},"16":{"start":{"line":82,"column":2},"end":{"line":159,"column":null}}},"fnMap":{"0":{"name":"(anonymous_0)","decl":{"start":{"line":22,"column":0},"end":{"line":22,"column":5}},"loc":{"start":{"line":22,"column":0},"end":{"line":22,"column":null}}},"1":{"name":"(anonymous_1)","decl":{"start":{"line":34,"column":19},"end":{"line":34,"column":20}},"loc":{"start":{"line":34,"column":37},"end":{"line":161,"column":null}}},"2":{"name":"(anonymous_2)","decl":{"start":{"line":38,"column":29},"end":{"line":38,"column":35}},"loc":{"start":{"line":38,"column":35},"end":{"line":40,"column":null}}},"3":{"name":"(anonymous_3)","decl":{"start":{"line":48,"column":10},"end":{"line":48,"column":11}},"loc":{"start":{"line":49,"column":12},"end":{"line":72,"column":null}}},"4":{"name":"(anonymous_4)","decl":{"start":{"line":51,"column":25},"end":{"line":51,"column":31}},"loc":{"start":{"line":51,"column":31},"end":{"line":53,"column":null}}},"5":{"name":"(anonymous_5)","decl":{"start":{"line":80,"column":27},"end":{"line":80,"column":33}},"loc":{"start":{"line":80,"column":33},"end":{"line":80,"column":58}}}},"branchMap":{"0":{"loc":{"start":{"line":22,"column":5},"end":{"line":22,"column":null}},"type":"binary-expr","locations":[{"start":{"line":22,"column":5},"end":{"line":22,"column":null}},{"start":{"line":22,"column":5},"end":{"line":22,"column":null}}]},"1":{"loc":{"start":{"line":56,"column":19},"end":{"line":60,"column":null}},"type":"cond-expr","locations":[{"start":{"line":57,"column":20},"end":{"line":59,"column":null}},{"start":{"line":60,"column":22},"end":{"line":60,"column":null}}]},"2":{"loc":{"start":{"line":61,"column":19},"end":{"line":65,"column":null}},"type":"cond-expr","locations":[{"start":{"line":62,"column":20},"end":{"line":64,"column":null}},{"start":{"line":65,"column":22},"end":{"line":65,"column":null}}]},"3":{"loc":{"start":{"line":80,"column":4},"end":{"line":80,"column":null}},"type":"cond-expr","locations":[{"start":{"line":80,"column":27},"end":{"line":80,"column":58}},{"start":{"line":80,"column":58},"end":{"line":80,"column":null}}]},"4":{"loc":{"start":{"line":105,"column":11},"end":{"line":108,"column":null}},"type":"cond-expr","locations":[{"start":{"line":106,"column":12},"end":{"line":106,"column":null}},{"start":{"line":108,"column":12},"end":{"line":108,"column":null}}]}},"s":{"0":0,"1":0,"2":0,"3":0,"4":0,"5":0,"6":0,"7":0,"8":0,"9":0,"10":0,"11":0,"12":0,"13":0,"14":0,"15":0,"16":0},"f":{"0":0,"1":0,"2":0,"3":0,"4":0,"5":0},"b":{"0":[0,0],"1":[0,0],"2":[0,0],"3":[0,0],"4":[0,0]}}
,"/Users/ayazuddin/Development/streaming-subscription-dashboard/src/Components/_v1/Table/AllUsersTable.tsx": {"path":"/Users/ayazuddin/Development/streaming-subscription-dashboard/src/Components/_v1/Table/AllUsersTable.tsx","statementMap":{"0":{"start":{"line":6,"column":30},"end":{"line":12,"column":null}},"1":{"start":{"line":14,"column":22},"end":{"line":43,"column":null}},"2":{"start":{"line":21,"column":2},"end":{"line":41,"column":null}},"3":{"start":{"line":32,"column":27},"end":{"line":32,"column":null}}},"fnMap":{"0":{"name":"(anonymous_0)","decl":{"start":{"line":14,"column":22},"end":{"line":14,"column":23}},"loc":{"start":{"line":20,"column":6},"end":{"line":43,"column":null}}},"1":{"name":"(anonymous_1)","decl":{"start":{"line":32,"column":20},"end":{"line":32,"column":21}},"loc":{"start":{"line":32,"column":27},"end":{"line":32,"column":null}}}},"branchMap":{},"s":{"0":0,"1":0,"2":0,"3":0},"f":{"0":0,"1":0},"b":{}}
,"/Users/ayazuddin/Development/streaming-subscription-dashboard/src/Components/_v1/Table/UserMoviesTable.tsx": {"path":"/Users/ayazuddin/Development/streaming-subscription-dashboard/src/Components/_v1/Table/UserMoviesTable.tsx","statementMap":{"0":{"start":{"line":6,"column":30},"end":{"line":11,"column":null}},"1":{"start":{"line":13,"column":19},"end":{"line":42,"column":null}},"2":{"start":{"line":20,"column":2},"end":{"line":40,"column":null}},"3":{"start":{"line":31,"column":27},"end":{"line":31,"column":null}}},"fnMap":{"0":{"name":"(anonymous_0)","decl":{"start":{"line":13,"column":19},"end":{"line":13,"column":20}},"loc":{"start":{"line":19,"column":6},"end":{"line":42,"column":null}}},"1":{"name":"(anonymous_1)","decl":{"start":{"line":15,"column":20},"end":{"line":15,"column":26}},"loc":{"start":{"line":15,"column":26},"end":{"line":15,"column":null}}},"2":{"name":"(anonymous_2)","decl":{"start":{"line":31,"column":20},"end":{"line":31,"column":21}},"loc":{"start":{"line":31,"column":27},"end":{"line":31,"column":null}}}},"branchMap":{"0":{"loc":{"start":{"line":15,"column":2},"end":{"line":15,"column":null}},"type":"default-arg","locations":[{"start":{"line":15,"column":20},"end":{"line":15,"column":null}}]}},"s":{"0":0,"1":0,"2":0,"3":0},"f":{"0":0,"1":0,"2":0},"b":{"0":[0]}}
,"/Users/ayazuddin/Development/streaming-subscription-dashboard/src/Components/_v1/User/ActiveUserDisplay.tsx": {"path":"/Users/ayazuddin/Development/streaming-subscription-dashboard/src/Components/_v1/User/ActiveUserDisplay.tsx","statementMap":{"0":{"start":{"line":6,"column":26},"end":{"line":33,"column":null}},"1":{"start":{"line":15,"column":2},"end":{"line":31,"column":null}},"2":{"start":{"line":27,"column":21},"end":{"line":27,"column":null}}},"fnMap":{"0":{"name":"(anonymous_0)","decl":{"start":{"line":6,"column":26},"end":{"line":6,"column":27}},"loc":{"start":{"line":14,"column":6},"end":{"line":33,"column":null}}},"1":{"name":"(anonymous_1)","decl":{"start":{"line":27,"column":15},"end":{"line":27,"column":21}},"loc":{"start":{"line":27,"column":21},"end":{"line":27,"column":null}}}},"branchMap":{},"s":{"0":0,"1":0,"2":0},"f":{"0":0,"1":0},"b":{}}
,"/Users/ayazuddin/Development/streaming-subscription-dashboard/src/Components/_v1/User/SingleUser.tsx": {"path":"/Users/ayazuddin/Development/streaming-subscription-dashboard/src/Components/_v1/User/SingleUser.tsx","statementMap":{"0":{"start":{"line":11,"column":19},"end":{"line":50,"column":null}},"1":{"start":{"line":12,"column":19},"end":{"line":12,"column":null}},"2":{"start":{"line":13,"column":27},"end":{"line":13,"column":null}},"3":{"start":{"line":14,"column":19},"end":{"line":14,"column":null}},"4":{"start":{"line":15,"column":26},"end":{"line":15,"column":null}},"5":{"start":{"line":16,"column":2},"end":{"line":16,"column":null}},"6":{"start":{"line":17,"column":2},"end":{"line":48,"column":null}},"7":{"start":{"line":21,"column":10},"end":{"line":21,"column":null}}},"fnMap":{"0":{"name":"(anonymous_0)","decl":{"start":{"line":11,"column":19},"end":{"line":11,"column":25}},"loc":{"start":{"line":11,"column":25},"end":{"line":50,"column":null}}},"1":{"name":"(anonymous_1)","decl":{"start":{"line":20,"column":17},"end":{"line":20,"column":23}},"loc":{"start":{"line":20,"column":23},"end":{"line":22,"column":null}}},"2":{"name":"(anonymous_2)","decl":{"start":{"line":45,"column":27},"end":{"line":45,"column":33}},"loc":{"start":{"line":45,"column":33},"end":{"line":45,"column":null}}}},"branchMap":{},"s":{"0":0,"1":0,"2":0,"3":0,"4":0,"5":0,"6":0,"7":0},"f":{"0":0,"1":0,"2":0},"b":{}}
,"/Users/ayazuddin/Development/streaming-subscription-dashboard/src/Components/_v1/User/index.tsx": {"path":"/Users/ayazuddin/Development/streaming-subscription-dashboard/src/Components/_v1/User/index.tsx","statementMap":{"0":{"start":{"line":9,"column":14},"end":{"line":54,"column":null}},"1":{"start":{"line":10,"column":45},"end":{"line":12,"column":null}},"2":{"start":{"line":13,"column":20},"end":{"line":13,"column":null}},"3":{"start":{"line":14,"column":20},"end":{"line":14,"column":null}},"4":{"start":{"line":15,"column":19},"end":{"line":15,"column":null}},"5":{"start":{"line":17,"column":2},"end":{"line":23,"column":null}},"6":{"start":{"line":18,"column":4},"end":{"line":22,"column":null}},"7":{"start":{"line":19,"column":6},"end":{"line":19,"column":null}},"8":{"start":{"line":21,"column":6},"end":{"line":21,"column":null}},"9":{"start":{"line":25,"column":25},"end":{"line":25,"column":null}},"10":{"start":{"line":26,"column":22},"end":{"line":26,"column":null}},"11":{"start":{"line":26,"column":51},"end":{"line":26,"column":71}},"12":{"start":{"line":28,"column":27},"end":{"line":31,"column":null}},"13":{"start":{"line":33,"column":26},"end":{"line":36,"column":null}},"14":{"start":{"line":34,"column":25},"end":{"line":34,"column":null}},"15":{"start":{"line":34,"column":52},"end":{"line":34,"column":70}},"16":{"start":{"line":35,"column":4},"end":{"line":35,"column":null}},"17":{"start":{"line":37,"column":2},"end":{"line":52,"column":null}}},"fnMap":{"0":{"name":"(anonymous_0)","decl":{"start":{"line":9,"column":14},"end":{"line":9,"column":20}},"loc":{"start":{"line":9,"column":20},"end":{"line":54,"column":null}}},"1":{"name":"(anonymous_1)","decl":{"start":{"line":17,"column":12},"end":{"line":17,"column":18}},"loc":{"start":{"line":17,"column":18},"end":{"line":23,"column":5}}},"2":{"name":"(anonymous_2)","decl":{"start":{"line":26,"column":35},"end":{"line":26,"column":36}},"loc":{"start":{"line":26,"column":51},"end":{"line":26,"column":71}}},"3":{"name":"(anonymous_3)","decl":{"start":{"line":33,"column":26},"end":{"line":33,"column":27}},"loc":{"start":{"line":33,"column":46},"end":{"line":36,"column":null}}},"4":{"name":"(anonymous_4)","decl":{"start":{"line":34,"column":36},"end":{"line":34,"column":37}},"loc":{"start":{"line":34,"column":52},"end":{"line":34,"column":70}}}},"branchMap":{"0":{"loc":{"start":{"line":18,"column":4},"end":{"line":22,"column":null}},"type":"if","locations":[{"start":{"line":18,"column":4},"end":{"line":22,"column":null}},{"start":{"line":20,"column":11},"end":{"line":22,"column":null}}]},"1":{"loc":{"start":{"line":39,"column":7},"end":{"line":46,"column":null}},"type":"cond-expr","locations":[{"start":{"line":40,"
[...]
,"/Users/ayazuddin/Development/streaming-subscription-dashboard/src/utils/v1/dummyDataUtils/createDummyDataJSON.ts": {"path":"/Users/ayazuddin/Development/streaming-subscription-dashboard/src/utils/v1/dummyDataUtils/createDummyDataJSON.ts","statementMap":{"0":{"start":{"line":4,"column":32},"end":{"line":15,"column":null}},"1":{"start":{"line":5,"column":19},"end":{"line":5,"column":null}},"2":{"start":{"line":7,"column":26},"end":{"line":7,"column":null}},"3":{"start":{"line":8,"column":24},"end":{"line":8,"column":null}},"4":{"start":{"line":8,"column":54},"end":{"line":8,"column":73}},"5":{"start":{"line":10,"column":2},"end":{"line":12,"column":null}},"6":{"start":{"line":10,"column":15},"end":{"line":10,"column":18}},"7":{"start":{"line":11,"column":4},"end":{"line":11,"column":null}},"8":{"start":{"line":14,"column":2},"end":{"line":14,"column":null}},"9":{"start":{"line":17,"column":19},"end":{"line":17,"column":null}},"10":{"start":{"line":17,"column":26},"end":{"line":17,"column":null}},"11":{"start":{"line":19,"column":37},"end":{"line":31,"column":null}},"12":{"start":{"line":22,"column":21},"end":{"line":22,"column":null}},"13":{"start":{"line":23,"column":19},"end":{"line":23,"column":null}},"14":{"start":{"line":25,"column":2},"end":{"line":28,"column":null}},"15":{"start":{"line":26,"column":26},"end":{"line":26,"column":null}},"16":{"start":{"line":27,"column":4},"end":{"line":27,"column":null}},"17":{"start":{"line":30,"column":2},"end":{"line":30,"column":null}},"18":{"start":{"line":33,"column":28},"end":{"line":65,"column":null}},"19":{"start":{"line":34,"column":16},"end":{"line":34,"column":null}},"20":{"start":{"line":35,"column":17},"end":{"line":35,"column":null}},"21":{"start":{"line":37,"column":2},"end":{"line":39,"column":null}},"22":{"start":{"line":38,"column":4},"end":{"line":38,"column":null}},"23":{"start":{"line":41,"column":2},"end":{"line":62,"column":null}},"24":{"start":{"line":42,"column":27},"end":{"line":59,"column":null}},"25":{"start":{"line":43,"column":28},"end":{"line":51,"column":null}},"26":{"start":{"line":44,"column":31},"end":{"line":44,"column":null}},"27":{"start":{"line":46,"column":10},"end":{"line":46,"column":null}},"28":{"start":{"line":47,"column":8},"end":{"line":50,"column":null}},"29":{"start":{"line":52,"column":6},"end":{"line":58,"column":null}},"30":{"start":{"line":61,"column":4},"end":{"line":61,"column":null}},"31":{"start":{"line":64,"column":2},"end":{"line":64,"column":null}}},"fnMap":{"0":{"name":"(anonymous_0)","decl":{"start":{"line":4,"column":32},"end":{"line":4,"column":33}},"loc":{"start":{"line":4,"column":57},"end":{"line":15,"column":null}}},"1":{"name":"(anonymous_1)","decl":{"start":{"line":8,"column":48},"end":{"line":8,"column":54}},"loc":{"start":{"line":8,"column":54},"end":{"line":8,"column":73}}},"2":{"name":"(anonymous_2)","decl":{"start":{"line":17,"column":19},"end":{"line":17,"column":26}},"loc":{"start":{"line":17,"column":26},"end":{"line":17,"column":null}}},"3":{"name":"(anonymous_3)","decl":{"start":{"line":19,"column":37},"end":{"line":19,"column":null}},"loc":{"start":{"line":21,"column":27},"end":{"line":31,"column":null}}},"4":{"name":"(anonymous_4)","decl":{"start":{"line":33,"column":28},"end":{"line":33,"column":40}},"loc":{"start":{"line":33,"column":40},"end":{"line":65,"column":null}}},"5":{"name":"(anonymous_5)","decl":{"start":{"line":42,"column":49},"end":{"line":42,"column":50}},"loc":{"start":{"line":42,"column":67},"end":{"line":59,"column":7}}},"6":{"name":"(anonymous_6)","decl":{"start":{"line":43,"column":64},"end":{"line":43,"column":65}},"loc":{"start":{"line":43,"column":75},"end":{"line":51,"column":7}}}},"branchMap":{"0":{"loc":{"start":{"line":17,"column":26},"end":{"line":17,"column":null}},"type":"cond-expr","locations":[{"start":{"line":17,"column":48},"end":{"line":17,"column":55}},{"start":{"line":17,"column":55},"end":{"line":17,"column":null}}]},"1":{"loc":{"start":{"line":25,"column":2},"end":{"line":28,"column":null}},"type":"if","locations":[{"start":{"line":25,"column":2},"end":{"line":28,"column":null}},{"start":{"line":25,"column":2},"end":{"line":28,"column":null}}]},"2":{"loc":{"start":{"line":25,"column":6},"end":{"line":25,"column":31}},"type":"binary-expr","locations":[{"start":{"line":25,"column":6},"end":{"line":25,"column":19}},{"start":{"line":25,"column":19},"end":{"line":25,"column":31}}]},"3":{"loc":{"start":{"line":37,"column":2},"end":{"line":39,"column":null}},"type":"if","locations":[{"start":{"line":37,"column":2},"end":{"line":39,"column":null}},{"start":{"line":37,"column":2},"end":{"line":39,"column":null}}]},"4":{"loc":{"start":{"line":37,"column":6},"end":{"line":37,"column":53}},"type":"binary-expr","locations":[{"start":{"line":37,"column":6},"end":{"line":37,"column":30}},{"start":{"line":37,"column":30},"end":{"line":37,"column":53}}]},"5":{"loc":{"start":{"line":41,"column":2},"end":{"line":62,"column":null}},"type":"if","locations":[{"start":{"line":41,"column":2},"end":{"line":62,"column":null}},{"start":{"line":41,"column":2},"end":{"line":62,"column":null}}]},"6":{"loc":{"start":{"line":41,"column":6},"end":{"line":41,"column":39}},"type":"binary-expr","locations":[{"start":{"line":41,"column":6},"end":{"line":41,"column":23}},{"start":{"line":41,"column":23},"end":{"line":41,"column":39}}]}},"s":{"0":1,"1":0,"2":0,"3":0,"4":0,"5":0,"6":0,"7":0,"8":0,"9":1,"10":0,"11":1,"12":0,"13":0,"14":0,"15":0,"16":0,"17":0,"18":1,"19":0,"20":0,"21":0,"22":0,"23":0,"24":0,"25":0,"26":0,"27":0,"28":0,"29":0,"30":0,"31":0},"f":{"0":0,"1":0,"2":0,"3":0,"4":0,"5":0,"6":0},"b":{"0":[0,0],"1":[0,0],"2":[0,0],"3":[0,0],"4":[0,0],"5":[0,0],"6":[0,0]}}
,"/Users/ayazuddin/Development/streaming-subscription-dashboard/src/utils/v1/dummyDataUtils/createMovieDetailsInformation.ts": {"path":"/Users/ayazuddin/Development/streaming-subscription-dashboard/src/utils/v1/dummyDataUtils/createMovieDetailsInformation.ts","statementMap":{"0":{"start":{"line":4,"column":16},"end":{"line":4,"column":null}},"1":{"start":{"line":5,"column":21},"end":{"line":5,"column":null}},"2":{"start":{"line":6,"column":19},"end":{"line":6,"column":null}},"3":{"start":{"line":7,"column":17},"end":{"line":7,"column":null}},"4":{"start":{"line":8,"column":16},"end":{"line":8,"column":null}},"5":{"start":{"line":10,"column":12},"end":{"line":10,"column":null}},"6":{"start":{"line":12,"column":15},"end":{"line":12,"column":null}},"7":{"start":{"line":13,"column":16},"end":{"line":13,"column":null}},"8":{"start":{"line":15,"column":16},"end":{"line":21,"column":null}},"9":{"start":{"line":24,"column":2},"end":{"line":24,"column":null}},"10":{"start":{"line":26,"column":20},"end":{"line":39,"column":null}},"11":{"start":{"line":27,"column":25},"end":{"line":27,"column":null}},"12":{"start":{"line":28,"column":2},"end":{"line":38,"column":null}},"13":{"start":{"line":41,"column":37},"end":{"line":43,"column":null}},"14":{"start":{"line":42,"column":2},"end":{"line":42,"column":null}},"15":{"start":{"line":45,"column":19},"end":{"line":45,"column":null}},"16":{"start":{"line":45,"column":26},"end":{"line":45,"column":null}},"17":{"start":{"line":47,"column":38},"end":{"line":60,"column":null}},"18":{"start":{"line":48,"column":2},"end":{"line":59,"column":null}},"19":{"start":{"line":49,"column":21},"end":{"line":49,"column":null}},"20":{"start":{"line":50,"column":24},"end":{"line":50,"column":null}},"21":{"start":{"line":51,"column":4},"end":{"line":56,"column":null}},"22":{"start":{"line":52,"column":49},"end":{"line":54,"column":null}},"23":{"start":{"line":53,"column":36},"end":{"line":53,"column":null}},"24":{"start":{"line":55,"column":6},"end":{"line":55,"column":null}},"25":{"start":{"line":58,"column":4},"end":{"line":58,"column":null}}},"fnMap":{"0":{"name":"(anonymous_0)","decl":{"start":{"line":26,"column":20},"end":{"line":26,"column":21}},"loc":{"start":{"line":26,"column":55},"end":{"line":39,"column":null}}},"1":{"name":"(anonymous_1)","decl":{"start":{"line":41,"column":37},"end":{"line":41,"column":38}},"loc":{"start":{"line":41,"column":63},"end":{"line":43,"column":null}}},"2":{"name":"(anonymous_2)","decl":{"start":{"line":45,"column":19},"end":{"line":45,"column":26}},"loc":{"start":{"line":45,"column":26},"end":{"line":45,"column":null}}},"3":{"name":"(anonymous_3)","decl":{"start":{"line":47,"column":38},"end":{"line":47,"column":50}},"loc":{"start":{"line":47,"column":50},"end":{"line":60,"column":null}}},"4":{"name":"(anonymous_4)","decl":{"start":{"line":53,"column":8},"end":{"line":53,"column":9}},"loc":{"start":{"line":53,"column":36},"end":{"line":53,"column":null}}}},"branchMap":{"0":{"loc":{"start":{"line":41,"column":38},"end":{"line":41,"column":49}},"type":"default-arg","locations":[{"start":{"line":41,"column":44},"end":{"line":41,"column":49}}]},"1":{"loc":{"start":{"line":41,"column":49},"end":{"line":41,"column":63}},"type":"default-arg","locations":[{"start":{"line":41,"column":55},"end":{"line":41,"column":63}}]},"2":{"loc":{"start":{"line":45,"column":26},"end":{"line":45,"column":null}},"type":"cond-expr","locations":[{"start":{"line":45,"column":48},"end":{"line":45,"column":55}},{"start":{"line":45,"column":55},"end":{"line":45,"column":null}}]},"3":{"loc":{"start":{"line":51,"column":4},"end":{"line":56,"column":null}},"type":"if","locations":[{"start":{"line":51,"column":4},"end":{"line":56,"column":null}},{"start":{"line":51,"column":4},"end":{"line":56,"column":null}}]}},"s":{"0":1,"1":1,"2":1,"3":1,"4":1,"5":1,"6":1,"7":1,"8":1,"9":1,"10":1,"11":0,"12":0,"13":1,"14":0,"15":1,"16":0,"17":1,"18":0,"19":0,"20":0,"21":0,"22":0,"23":0,"24":0,"25":0},"f":{"0":0,"1":0,"2":0,"3":0,"4":0},"b":{"0":[0],"1":[0],"2":[0,0],"3":[0,0]}}
,"/Users/ayazuddin/Development/streaming-subscription-dashboard/src/utils/v1/dummyDataUtils/createPersonalInformation.ts": {"path":"/Users/ayazuddin/Development/streaming-subscription-dashboard/src/utils/v1/dummyDataUtils/createPersonalInformation.ts","statementMap":{"0":{"start":{"line":3,"column":12},"end":{"line":3,"column":null}},"1":{"start":{"line":4,"column":16},"end":{"line":9,"column":null}},"2":{"start":{"line":11,"column":34},"end":{"line":24,"column":null}},"3":{"start":{"line":12,"column":2},"end":{"line":23,"column":null}},"4":{"start":{"line":13,"column":21},"end":{"line":13,"column":null}},"5":{"start":{"line":14,"column":22},"end":{"line":14,"column":null}},"6":{"start":{"line":15,"column":4},"end":{"line":20,"column":null}},"7":{"start":{"line":16,"column":47},"end":{"line":18,"column":null}},"8":{"start":{"line":17,"column":34},"end":{"line":17,"column":null}},"9":{"start":{"line":19,"column":6},"end":{"line":19,"column":null}},"10":{"start":{"line":22,"column":4},"end":{"line":22,"column":null}},"11":{"start":{"line":28,"column":19},"end":{"line":28,"column":null}},"12":{"start":{"line":28,"column":26},"end":{"line":28,"column":null}},"13":{"start":{"line":30,"column":19},"end":{"line":64,"column":null}},"14":{"start":{"line":30,"column":52},"end":{"line":64,"column":null}}},"fnMap":{"0":{"name":"(anonymous_0)","decl":{"start":{"line":11,"column":34},"end":{"line":11,"column":46}},"loc":{"start":{"line":11,"column":46},"end":{"line":24,"column":null}}},"1":{"name":"(anonymous_1)","decl":{"start":{"line":17,"column":8},"end":{"line":17,"column":9}},"loc":{"start":{"line":17,"column":34},"end":{"line":17,"column":null}}},"2":{"name":"(anonymous_2)","decl":{"start":{"line":28,"column":19},"end":{"line":28,"column":26}},"loc":{"start":{"line":28,"column":26},"end":{"line":28,"column":null}}},"3":{"name":"(anonymous_3)","decl":{"start":{"line":30,"column":19},"end":{"line":30,"column":20}},"loc":{"start":{"line":30,"column":52},"end":{"line":64,"column":null}}}},"branchMap":{"0":{"loc":{"start":{"line":15,"column":4},"end":{"line":20,"column":null}},"type":"if","locations":[{"start":{"line":15,"column":4},"end":{"line":20,"column":null}},{"start":{"line":15,"column":4},"end":{"line":20,"column":null}}]},"1":{"loc":{"start":{"line":15,"column":8},"end":{"line":15,"column":38}},"type":"binary-expr","locations":[{"start":{"line":15,"column":8},"end":{"line":15,"column":23}},{"start":{"line":15,"column":23},"end":{"line":15,"column":38}}]},"2":{"loc":{"start":{"line":28,"column":26},"end":{"line":28,"column":null}},"type":"cond-expr","locations":[{"start":{"line":28,"column":48},"end":{"line":28,"column":55}},{"start":{"line":28,"column":55},"end":{"line":28,"column":null}}]}},"s":{"0":1,"1":1,"2":1,"3":0,"4":0,"5":0,"6":0,"7":0,"8":0,"9":0,"10":0,"11":1,"12":0,"13":1,"14":0},"f":{"0":0,"1":0,"2":0,"3":0},"b":{"0":[0,0],"1":[0,0],"2":[0,0]}}
,"/Users/ayazuddin/Development/streaming-subscription-dashboard/src/utils/v1/dummyDataUtils/createStreamingInformtion.ts": {"path":"/Users/ayazuddin/Development/streaming-subscription-dashboard/src/utils/v1/dummyDataUtils/createStreamingInformtion.ts","statementMap":{"0":{"start":{"line":3,"column":22},"end":{"line":9,"column":null}},"1":{"start":{"line":11,"column":25},"end":{"line":20,"column":null}},"2":{"start":{"line":22,"column":27},"end":{"line":22,"column":null}},"3":{"start":{"line":24,"column":23},"end":{"line":24,"column":null}},"4":{"start":{"line":26,"column":27},"end":{"line":26,"column":null}},"5":{"start":{"line":28,"column":38},"end":{"line":40,"column":null}},"6":{"start":{"line":29,"column":22},"end":{"line":29,"column":null}},"7":{"start":{"line":30,"column":22},"end":{"line":30,"column":null}},"8":{"start":{"line":31,"column":18},"end":{"line":31,"column":null}},"9":{"start":{"line":32,"column":21},"end":{"line":32,"column":null}},"10":{"start":{"line":34,"column":22},"end":{"line":34,"column":null}},"11":{"start":{"line":35,"column":20},"end":{"line":35,"column":null}},"12":{"start":{"line":37,"column":21},"end":{"line":37,"column":null}},"13":{"start":{"line":39,"column":2},"end":{"line":39,"column":null}},"14":{"start":{"line":42,"column":27},"end":{"line":65,"column":null}},"15":{"start":{"line":43,"column":30},"end":{"line":43,"column":null}},"16":{"start":{"line":44,"column":22},"end":{"line":44,"column":null}},"17":{"start":{"line":46,"column":2},"end":{"line":62,"column":null}},"18":{"start":{"line":46,"column":15},"end":{"line":46,"column":18}},"19":{"start":{"line":47,"column":20},"end":{"line":47,"column":null}},"20":{"start":{"line":48,"column":24},"end":{"line":48,"column":null}},"21":{"start":{"line":49,"column":26},"end":{"line":49,"column":null}},"22":{"start":{"line":50,"column":26},"end":{"line":50,"column":null}},"23":{"start":{"line":52,"column":4},"end":{"line":52,"column":null}},"24":{"start":{"line":53,"column":4},"end":{"line":53,"column":null}},"25":{"start":{"line":54,"column":4},"end":{"line":54,"column":null}},"26":{"start":{"line":55,"column":4},"end":{"line":55,"column":null}},"27":{"start":{"line":57,"column":32},"end":{"line":60,"column":null}},"28":{"start":{"line":61,"column":4},"end":{"line":61,"column":null}},"29":{"start":{"line":64,"column":2},"end":{"line":64,"column":null}},"30":{"start":{"line":68,"column":8},"end":{"line":68,"column":null}},"31":{"start":{"line":70,"column":8},"end":{"line":70,"column":null}},"32":{"start":{"line":71,"column":23},"end":{"line":71,"column":null}},"33":{"start":{"line":73,"column":2},"end":{"line":73,"column":null}},"34":{"start":{"line":76,"column":21},"end":{"line":80,"column":null}},"35":{"start":{"line":77,"column":2},"end":{"line":77,"column":null}},"36":{"start":{"line":78,"column":2},"end":{"line":78,"column":null}},"37":{"start":{"line":79,"column":2},"end":{"line":79,"column":null}},"38":{"start":{"line":82,"column":19},"end":{"line":82,"column":null}},"39":{"start":{"line":82,"column":26},"end":{"line":82,"column":null}},"40":{"start":{"line":84,"column":34},"end":{"line":103,"column":null}},"41":{"start":{"line":85,"column":22},"end":{"line":85,"column":null}},"42":{"start":{"line":86,"column":19},"end":{"line":86,"column":null}},"43":{"start":{"line":88,"column":46},"end":{"line":100,"column":null}},"44":{"start":{"line":102,"column":2},"end":{"line":102,"column":null}}},"fnMap":{"0":{"name":"(anonymous_0)","decl":{"start":{"line":28,"column":38},"end":{"line":28,"column":50}},"loc":{"start":{"line":28,"column":50},"end":{"line":40,"column":null}}},"1":{"name":"(anonymous_1)","decl":{"start":{"line":42,"column":27},"end":{"line":42,"column":42}},"loc":{"start":{"line":42,"column":42},"end":{"line":65,"column":null}}},"2":{"name":"randomNumberInMidRange","decl":{"start":{"line":67,"column":9},"end":{"line":67,"column":32}},"loc":{"start":{"line":67,"column":76},"end":{"line":74,"column":null}}},"3":{"name":"(anonymous_3)","decl":{"start":{"line":76,"column":21},"end":{"line":76,"column":22}},"loc":{"start":{"line":76,"column":59},"end":{"line":80,"column":null}}},"4":{"name":"(anonymous_4)","decl":{"start":{"line":82,"column":19},"end":{"line":82,"column":26}},"loc":{"start":{"line":82,"column":26},"end":{"line":82,"column":null}}},"5":{"name":"(anonymous_5)","decl":{"start":{"line":84,"column":34},"end":{"line":84,"column":51}},"loc":{"start":{"line":84,"column":51},"end":{"line":103,"column":null}}}},"branchMap":{"0":{"loc":{"start":{"line":67,"column":32},"end":{"line":67,"column":49}},"type":"default-arg","locations":[{"start":{"line":67,"column":46},"end":{"line":67,"column":49}}]},"1":{"loc":{"start":{"line":67,"column":49},"end":{"line":67,"column":76}},"type":"default-arg","locations":[{"start":{"line":67,"column":63},"end":{"line":67,"column":76}}]},"2":{"loc":{"start":{"line":82,"column":26},"end":{"line":82,"column":null}},"type":"cond-expr","locations":[{"start":{"line":82,"column":48},"end":{"line":82,"column":55}},{"start":{"line":82,"column":55},"end":{"line":82,"column":null}}]}},"s":{"0":1,"1":1,"2":1,"3":1,"4":1,"5":1,"6":0,"7":0,"8":0,"9":0,"10":0,"11":0,"12":0,"13":0,"14":1,"15":0,"16":0,"17":0,"18":0,"19":0,"20":0,"21":0,"22":0,"23":0,"24":0,"25":0,"26":0,"27":0,"28":0,"29":0,"30":0,"31":0,"32":0,"33":0,"34":1,"35":0,"36":0,"37":0,"38":1,"39":0,"40":1,"41":0,"42":0,"43":0,"44":0},"f":{"0":0,"1":0,"2":0,"3":0,"4":0,"5":0},"b":{"0":[0],"1":[0],"2":[0,0]}}
}
